Unity Editor version:    2022.3.16f1 (d2c21f0ef2f1)
Branch:                  2022.3/staging
Build type:              Release
Batch mode:              YES
macOS version:           Version 12.6.3 (Build 21G419)
Darwin version:          21.6.0
Architecture:            x86_64
Running under Rosetta:   NO
Available memory:        16384 MB
Using pre-set license
Pro License: YES

COMMAND LINE ARGUMENTS:
/Applications/Unity/Hub/Editor/2022.3.16f1/Unity.app/Contents/MacOS/Unity
-adb2
-batchMode
-noUpm
-name
AssetImportWorker1
-projectPath
/Users/michellezhou/Downloads/FastFoodFrenzy-MichelleBranch/FastFoodFrenzy
-logFile
Logs/AssetImportWorker1.log
-srvPort
60550
Successfully changed project path to: /Users/michellezhou/Downloads/FastFoodFrenzy-MichelleBranch/FastFoodFrenzy
/Users/michellezhou/Downloads/FastFoodFrenzy-MichelleBranch/FastFoodFrenzy
[UnityMemory] Configuration Parameters - Can be set up in boot.config
    "memorysetup-bucket-allocator-granularity=16"
    "memorysetup-bucket-allocator-bucket-count=8"
    "memorysetup-bucket-allocator-block-size=33554432"
    "memorysetup-bucket-allocator-block-count=8"
    "memorysetup-main-allocator-block-size=16777216"
    "memorysetup-thread-allocator-block-size=16777216"
    "memorysetup-gfx-main-allocator-block-size=16777216"
    "memorysetup-gfx-thread-allocator-block-size=16777216"
    "memorysetup-cache-allocator-block-size=4194304"
    "memorysetup-typetree-allocator-block-size=2097152"
    "memorysetup-profiler-bucket-allocator-granularity=16"
    "memorysetup-profiler-bucket-allocator-bucket-count=8"
    "memorysetup-profiler-bucket-allocator-block-size=33554432"
    "memorysetup-profiler-bucket-allocator-block-count=8"
    "memorysetup-profiler-allocator-block-size=16777216"
    "memorysetup-profiler-editor-allocator-block-size=1048576"
    "memorysetup-temp-allocator-size-main=16777216"
    "memorysetup-job-temp-allocator-block-size=2097152"
    "memorysetup-job-temp-allocator-block-size-background=1048576"
    "memorysetup-job-temp-allocator-reduction-small-platforms=262144"
    "memorysetup-allocator-temp-initial-block-size-main=262144"
    "memorysetup-allocator-temp-initial-block-size-worker=262144"
    "memorysetup-temp-allocator-size-background-worker=32768"
    "memorysetup-temp-allocator-size-job-worker=262144"
    "memorysetup-temp-allocator-size-preload-manager=33554432"
    "memorysetup-temp-allocator-size-nav-mesh-worker=65536"
    "memorysetup-temp-allocator-size-audio-worker=65536"
    "memorysetup-temp-allocator-size-cloud-worker=32768"
    "memorysetup-temp-allocator-size-gi-baking-worker=262144"
    "memorysetup-temp-allocator-size-gfx=262144"
Player connection [4713870848] Host "[IP] 10.40.222.155 [Port] 0 [Flags] 2 [Guid] 774974347 [EditorId] 774974347 [Version] 1048832 [Id] OSXEditor(0,Michelles-MacBook-Pro-2.local) [Debug] 1 [PackageName] OSXEditor [ProjectName] Editor" joined multi-casting on [225.0.0.222:54997]...

Player connection [4713870848] Host "[IP] 10.40.222.155 [Port] 0 [Flags] 2 [Guid] 774974347 [EditorId] 774974347 [Version] 1048832 [Id] OSXEditor(0,Michelles-MacBook-Pro-2.local) [Debug] 1 [PackageName] OSXEditor [ProjectName] Editor" joined alternative multi-casting on [225.0.0.222:34997]...

[Physics::Module] Initialized MultithreadedJobDispatcher with 15 workers.
Refreshing native plugins compatible for Editor in 16.77 ms, found 2 plugins.
Preloading 0 native plugins for Editor in 0.00 ms.
Initialize engine version: 2022.3.16f1 (d2c21f0ef2f1)
[Subsystems] Discovering subsystems at path /Applications/Unity/Hub/Editor/2022.3.16f1/Unity.app/Contents/Resources/UnitySubsystems
[Subsystems] Discovering subsystems at path /Users/michellezhou/Downloads/FastFoodFrenzy-MichelleBranch/FastFoodFrenzy/Assets
GfxDevice: creating device client; threaded=0; jobified=0
Color LCD preferred device: Intel(R) UHD Graphics 630 (low power)
Metal devices available: 2
0: AMD Radeon Pro 560X (high power)
1: Intel(R) UHD Graphics 630 (low power)
Using device AMD Radeon Pro 560X (high power)
Initializing Metal device caps: AMD Radeon Pro 560X
Initialize mono
Mono path[0] = '/Applications/Unity/Hub/Editor/2022.3.16f1/Unity.app/Contents/Managed'
Mono path[1] = '/Applications/Unity/Hub/Editor/2022.3.16f1/Unity.app/Contents/MonoBleedingEdge/lib/mono/unityjit-macos'
Mono config path = '/Applications/Unity/Hub/Editor/2022.3.16f1/Unity.app/Contents/MonoBleedingEdge/etc'
Using monoOptions --debugger-agent=transport=dt_socket,embedding=1,server=y,suspend=n,address=127.0.0.1:56324
Begin MonoManager ReloadAssembly
Registering precompiled unity dll's ...
Register platform support module: /Applications/Unity/Hub/Editor/2022.3.16f1/Unity.app/Contents/PlaybackEngines/MacStandaloneSupport/UnityEditor.OSXStandalone.Extensions.dll
Register platform support module: /Applications/Unity/Hub/Editor/2022.3.16f1/PlaybackEngines/iOSSupport/UnityEditor.iOS.Extensions.dll
Register platform support module: /Applications/Unity/Hub/Editor/2022.3.16f1/PlaybackEngines/WindowsStandaloneSupport/UnityEditor.WindowsStandalone.Extensions.dll
Registered in 0.004867 seconds.
- Loaded All Assemblies, in  0.506 seconds
Native extension for WindowsStandalone target not found
[usbmuxd] Start listen thread
[usbmuxd] Listen thread started
[usbmuxd] Send listen message
Native extension for iOS target not found
Native extension for OSXStandalone target not found
Mono: successfully reloaded assembly
- Finished resetting the current domain, in  0.395 seconds
Domain Reload Profiling: 902ms
	BeginReloadAssembly (157ms)
		ExecutionOrderSort (0ms)
		DisableScriptedObjects (0ms)
		BackupInstance (0ms)
		ReleaseScriptingObjects (0ms)
		CreateAndSetChildDomain (1ms)
	RebuildCommonClasses (53ms)
	RebuildNativeTypeToScriptingClass (15ms)
	initialDomainReloadingComplete (68ms)
	LoadAllAssembliesAndSetupDomain (212ms)
		LoadAssemblies (159ms)
		RebuildTransferFunctionScriptingTraits (0ms)
		AnalyzeDomain (208ms)
			TypeCache.Refresh (205ms)
				TypeCache.ScanAssembly (187ms)
			ScanForSourceGeneratedMonoScriptInfo (0ms)
			ResolveRequiredComponents (1ms)
	FinalizeReload (395ms)
		ReleaseScriptCaches (0ms)
		RebuildScriptCaches (0ms)
		SetupLoadedEditorAssemblies (314ms)
			LogAssemblyErrors (0ms)
			InitializePlatformSupportModulesInManaged (51ms)
			SetLoadedEditorAssemblies (8ms)
			RefreshPlugins (0ms)
			BeforeProcessingInitializeOnLoad (3ms)
			ProcessInitializeOnLoadAttributes (194ms)
			ProcessInitializeOnLoadMethodAttributes (58ms)
			AfterProcessingInitializeOnLoad (0ms)
			EditorAssembliesLoaded (0ms)
		ExecutionOrderSort2 (0ms)
		AwakeInstancesAfterBackupRestoration (0ms)
========================================================================
Worker process is ready to serve import requests
Begin MonoManager ReloadAssembly
- Loaded All Assemblies, in  0.856 seconds
Refreshing native plugins compatible for Editor in 1.22 ms, found 2 plugins.
Native extension for WindowsStandalone target not found
Native extension for iOS target not found
Native extension for OSXStandalone target not found
Package Manager log level set to [2]
[Package Manager] Server::EnsureServerProcessIsRunning -- launch failed, reason: Unity was launched with the -noUpm command-line argument
[Package Manager] UpmClient::Send -- Unable to send message (not connected to UPM process).
[Package Manager] Cannot connect to Unity Package Manager local server
Mono: successfully reloaded assembly
- Finished resetting the current domain, in  0.769 seconds
Domain Reload Profiling: 1625ms
	BeginReloadAssembly (189ms)
		ExecutionOrderSort (0ms)
		DisableScriptedObjects (8ms)
		BackupInstance (0ms)
		ReleaseScriptingObjects (0ms)
		CreateAndSetChildDomain (43ms)
	RebuildCommonClasses (55ms)
	RebuildNativeTypeToScriptingClass (17ms)
	initialDomainReloadingComplete (50ms)
	LoadAllAssembliesAndSetupDomain (545ms)
		LoadAssemblies (380ms)
		RebuildTransferFunctionScriptingTraits (0ms)
		AnalyzeDomain (254ms)
			TypeCache.Refresh (225ms)
				TypeCache.ScanAssembly (207ms)
			ScanForSourceGeneratedMonoScriptInfo (19ms)
			ResolveRequiredComponents (6ms)
	FinalizeReload (769ms)
		ReleaseScriptCaches (0ms)
		RebuildScriptCaches (0ms)
		SetupLoadedEditorAssemblies (554ms)
			LogAssemblyErrors (0ms)
			InitializePlatformSupportModulesInManaged (29ms)
			SetLoadedEditorAssemblies (5ms)
			RefreshPlugins (0ms)
			BeforeProcessingInitializeOnLoad (60ms)
			ProcessInitializeOnLoadAttributes (432ms)
			ProcessInitializeOnLoadMethodAttributes (26ms)
			AfterProcessingInitializeOnLoad (1ms)
			EditorAssembliesLoaded (0ms)
		ExecutionOrderSort2 (0ms)
		AwakeInstancesAfterBackupRestoration (5ms)
Launching external process: /Applications/Unity/Hub/Editor/2022.3.16f1/Unity.app/Contents/Tools/UnityShaderCompiler
Launched and connected shader compiler UnityShaderCompiler after 0.07 seconds
Refreshing native plugins compatible for Editor in 1.14 ms, found 2 plugins.
Preloading 0 native plugins for Editor in 0.00 ms.
Unloading 3094 Unused Serialized files (Serialized files now loaded: 0)
Unloading 32 unused Assets / (54.3 KB). Loaded Objects now: 3555.
Memory consumption went from 232.9 MB to 232.8 MB.
Total: 4.770183 ms (FindLiveObjects: 0.352606 ms CreateObjectMapping: 0.280434 ms MarkObjects: 4.022721 ms  DeleteObjects: 0.113353 ms)

AssetImportParameters requested are different than current active one (requested -> active):
  custom:container-demuxer-ogg: 62fdf1f143b41e24485cea50d1cbac27 -> 
  custom:video-decoder-ogg-theora: a1e56fd34408186e4bbccfd4996cb3dc -> 
  custom:CustomObjectIndexerAttribute: 43b350a4d6e6d1791af0b5038c4bea17 -> 
  custom:container-demuxer-webm: 4f35f7cbe854078d1ac9338744f61a02 -> 
  custom:container-muxer-webm: aa71ff27fc2769a1b78a27578f13a17b -> 
  custom:video-decoder-webm-vp8: 9c59270c3fd7afecdb556c50c9e8de78 -> 
  custom:SearchIndexIgnoredProperties: e643bd26f0fe6173181afceb89e7c659 -> 
  custom:AudioImporter_EditorPlatform: 3918e3fc78b5a79bad01e8451be0beb8 -> 
  custom:framework-osx-AVFoundation: e770b220cccbd017edd2c1fefb359320 -> 
  custom:video-encoder-webm-vp8: eb34c28f22e8b96e1ab97ce403110664 -> 
  custom:audio-decoder-ogg-vorbis: bf7c407c2cedff20999df2af8eb42d56 -> 
  custom:audio-encoder-webm-vorbis: bf7c407c2cedff20999df2af8eb42d56 -> 
========================================================================
Received Import Request.
  Time since last request: 489713.379825 seconds.
  path: Assets/Food Pack-Demo/Prefabs/Bell pepper green slice.prefab
  artifactKey: Guid(e88c61590b214934980c882847da8ffe) Importer(815301076,1909f56bfc062723c751e8b465ee728b)
Start importing Assets/Food Pack-Demo/Prefabs/Bell pepper green slice.prefab using Guid(e88c61590b214934980c882847da8ffe) Importer(815301076,1909f56bfc062723c751e8b465ee728b)  -> (artifact id: '1dcda335295cdbeb738bfb6aaf55a037') in 0.256739 seconds
Number of updated asset objects reloaded before import = 0
Number of asset objects unloaded after import = 9
========================================================================
Received Import Request.
  Time since last request: 0.000085 seconds.
  path: Assets/Food Pack-Demo/Prefabs/Melon Piece.prefab
  artifactKey: Guid(7097ad9a888dd99458dca648bfbe4c7d) Importer(815301076,1909f56bfc062723c751e8b465ee728b)
Start importing Assets/Food Pack-Demo/Prefabs/Melon Piece.prefab using Guid(7097ad9a888dd99458dca648bfbe4c7d) Importer(815301076,1909f56bfc062723c751e8b465ee728b)  -> (artifact id: 'd00185ca49f17bb8ed8cb72f6756b5ae') in 0.015101 seconds
Number of updated asset objects reloaded before import = 0
Number of asset objects unloaded after import = 9
========================================================================
Received Import Request.
  Time since last request: 0.000058 seconds.
  path: Assets/Food Pack-Demo/Prefabs/Chopsticks B.prefab
  artifactKey: Guid(57eac44584c071d4d8ef40566756f86c) Importer(815301076,1909f56bfc062723c751e8b465ee728b)
Start importing Assets/Food Pack-Demo/Prefabs/Chopsticks B.prefab using Guid(57eac44584c071d4d8ef40566756f86c) Importer(815301076,1909f56bfc062723c751e8b465ee728b)  -> (artifact id: '28f9763e75676e233875bc5e80ceeee0') in 0.007316 seconds
Number of updated asset objects reloaded before import = 0
Number of asset objects unloaded after import = 9
========================================================================
Received Import Request.
  Time since last request: 0.000068 seconds.
  path: Assets/Food Pack-Demo/Prefabs/Frappe B.prefab
  artifactKey: Guid(80568ac56eee4324c9e6b89e04fdcb80) Importer(815301076,1909f56bfc062723c751e8b465ee728b)
Start importing Assets/Food Pack-Demo/Prefabs/Frappe B.prefab using Guid(80568ac56eee4324c9e6b89e04fdcb80) Importer(815301076,1909f56bfc062723c751e8b465ee728b)  -> (artifact id: 'aab5bc0be2f87ece38b879d78868a66b') in 0.022843 seconds
Number of updated asset objects reloaded before import = 0
Number of asset objects unloaded after import = 10
========================================================================
Received Import Request.
  Time since last request: 0.000069 seconds.
  path: Assets/Food Pack-Demo/Prefabs/Tamago.prefab
  artifactKey: Guid(8ecb5feff6a409a4b98498c13fe52d5e) Importer(815301076,1909f56bfc062723c751e8b465ee728b)
Start importing Assets/Food Pack-Demo/Prefabs/Tamago.prefab using Guid(8ecb5feff6a409a4b98498c13fe52d5e) Importer(815301076,1909f56bfc062723c751e8b465ee728b)  -> (artifact id: '14ddde3d9710726a97b4c1a508d2a4bc') in 0.014805 seconds
Number of updated asset objects reloaded before import = 0
Number of asset objects unloaded after import = 9
========================================================================
Received Import Request.
  Time since last request: 0.000094 seconds.
  path: Assets/Food Pack-Demo/Prefabs/Lamb Chop Cooked.prefab
  artifactKey: Guid(44b8404b36524d8498b3c9305721f977) Importer(815301076,1909f56bfc062723c751e8b465ee728b)
Start importing Assets/Food Pack-Demo/Prefabs/Lamb Chop Cooked.prefab using Guid(44b8404b36524d8498b3c9305721f977) Importer(815301076,1909f56bfc062723c751e8b465ee728b)  -> (artifact id: 'a2d6f88cfb99cf4f78358909bc5d192f') in 0.012302 seconds
Number of updated asset objects reloaded before import = 0
Number of asset objects unloaded after import = 9
========================================================================
Received Import Request.
  Time since last request: 0.000064 seconds.
  path: Assets/Food Pack-Demo/Prefabs/Skewer C.prefab
  artifactKey: Guid(1cbf601fcc984244f8006afcebbf7d6b) Importer(815301076,1909f56bfc062723c751e8b465ee728b)
Start importing Assets/Food Pack-Demo/Prefabs/Skewer C.prefab using Guid(1cbf601fcc984244f8006afcebbf7d6b) Importer(815301076,1909f56bfc062723c751e8b465ee728b)  -> (artifact id: 'd7332199b2ae5b2b328f8a9d562acbb8') in 0.020263 seconds
Number of updated asset objects reloaded before import = 0
Number of asset objects unloaded after import = 9
========================================================================
Received Import Request.
  Time since last request: 0.000054 seconds.
  path: Assets/Food Pack-Demo/Prefabs/Cheesecake B.prefab
  artifactKey: Guid(7f8fe02ce2c90a447861132975571507) Importer(815301076,1909f56bfc062723c751e8b465ee728b)
Start importing Assets/Food Pack-Demo/Prefabs/Cheesecake B.prefab using Guid(7f8fe02ce2c90a447861132975571507) Importer(815301076,1909f56bfc062723c751e8b465ee728b)  -> (artifact id: 'cfad12e634b4e9a733535f51525a5bca') in 0.010407 seconds
Number of updated asset objects reloaded before import = 0
Number of asset objects unloaded after import = 9
========================================================================
Received Import Request.
  Time since last request: 0.000089 seconds.
  path: Assets/Food Pack-Demo/Prefabs/Chopsticks holder.prefab
  artifactKey: Guid(e4f3a4f69c5414a48acdcc48f9cb27b9) Importer(815301076,1909f56bfc062723c751e8b465ee728b)
Start importing Assets/Food Pack-Demo/Prefabs/Chopsticks holder.prefab using Guid(e4f3a4f69c5414a48acdcc48f9cb27b9) Importer(815301076,1909f56bfc062723c751e8b465ee728b)  -> (artifact id: '4a77a8e7ee041c9d2b4453817fcde475') in 0.014103 seconds
Number of updated asset objects reloaded before import = 0
Number of asset objects unloaded after import = 9
========================================================================
Received Import Request.
  Time since last request: 0.000103 seconds.
  path: Assets/Food Pack-Demo/Prefabs/Lamb Chop.prefab
  artifactKey: Guid(4d68119b54e0ec2468da57b83dc2688f) Importer(815301076,1909f56bfc062723c751e8b465ee728b)
Start importing Assets/Food Pack-Demo/Prefabs/Lamb Chop.prefab using Guid(4d68119b54e0ec2468da57b83dc2688f) Importer(815301076,1909f56bfc062723c751e8b465ee728b)  -> (artifact id: 'ee329916a40bd4b344b65782755a0993') in 0.011274 seconds
Number of updated asset objects reloaded before import = 0
Number of asset objects unloaded after import = 9
========================================================================
Received Import Request.
  Time since last request: 0.000089 seconds.
  path: Assets/Food Pack-Demo/Prefabs/Wasabi.prefab
  artifactKey: Guid(25de3c6a9e21111478797ddd16d93022) Importer(815301076,1909f56bfc062723c751e8b465ee728b)
Start importing Assets/Food Pack-Demo/Prefabs/Wasabi.prefab using Guid(25de3c6a9e21111478797ddd16d93022) Importer(815301076,1909f56bfc062723c751e8b465ee728b)  -> (artifact id: 'f6a60ab9924913cd45997205fedd048a') in 0.014334 seconds
Number of updated asset objects reloaded before import = 0
Number of asset objects unloaded after import = 9
========================================================================
Received Import Request.
  Time since last request: 0.000099 seconds.
  path: Assets/Food Pack-Demo/Prefabs/Pizza Margarita.prefab
  artifactKey: Guid(0c0ea431ace4f624895e2c41a184d71c) Importer(815301076,1909f56bfc062723c751e8b465ee728b)
Start importing Assets/Food Pack-Demo/Prefabs/Pizza Margarita.prefab using Guid(0c0ea431ace4f624895e2c41a184d71c) Importer(815301076,1909f56bfc062723c751e8b465ee728b)  -> (artifact id: '4d540699c5bc3d2042af825ded1d9f6b') in 0.015711 seconds
Number of updated asset objects reloaded before import = 0
Number of asset objects unloaded after import = 9
========================================================================
Received Import Request.
  Time since last request: 0.000094 seconds.
  path: Assets/Food Pack-Demo/Prefabs/Coffee Cup C.prefab
  artifactKey: Guid(9618ee5198d5bc14690b61b995f89590) Importer(815301076,1909f56bfc062723c751e8b465ee728b)
Start importing Assets/Food Pack-Demo/Prefabs/Coffee Cup C.prefab using Guid(9618ee5198d5bc14690b61b995f89590) Importer(815301076,1909f56bfc062723c751e8b465ee728b)  -> (artifact id: '305564e45f337f948a655ff14805a1bc') in 0.016312 seconds
Number of updated asset objects reloaded before import = 0
Number of asset objects unloaded after import = 9
========================================================================
Received Import Request.
  Time since last request: 0.000090 seconds.
  path: Assets/Food Pack-Demo/Prefabs/Bundt Cake Piece.prefab
  artifactKey: Guid(54447e78ac5be41428f9078cf6910bf7) Importer(815301076,1909f56bfc062723c751e8b465ee728b)
Start importing Assets/Food Pack-Demo/Prefabs/Bundt Cake Piece.prefab using Guid(54447e78ac5be41428f9078cf6910bf7) Importer(815301076,1909f56bfc062723c751e8b465ee728b)  -> (artifact id: 'b71ec8aaf6d6e9815f60b5a65301062d') in 0.017790 seconds
Number of updated asset objects reloaded before import = 0
Number of asset objects unloaded after import = 9
========================================================================
Received Import Request.
  Time since last request: 0.000082 seconds.
  path: Assets/Food Pack-Demo/Prefabs/Candy Cane B.prefab
  artifactKey: Guid(0329acc1efc28324e94f5bd5a062069e) Importer(815301076,1909f56bfc062723c751e8b465ee728b)
Start importing Assets/Food Pack-Demo/Prefabs/Candy Cane B.prefab using Guid(0329acc1efc28324e94f5bd5a062069e) Importer(815301076,1909f56bfc062723c751e8b465ee728b)  -> (artifact id: 'ebe9493e949d0482ce2cc622a0ea1082') in 0.024118 seconds
Number of updated asset objects reloaded before import = 0
Number of asset objects unloaded after import = 9
========================================================================
Received Import Request.
  Time since last request: 0.000105 seconds.
  path: Assets/Food Pack-Demo/Prefabs/Curry plate.prefab
  artifactKey: Guid(ef62557891c72774580b5ddab4813f20) Importer(815301076,1909f56bfc062723c751e8b465ee728b)
Start importing Assets/Food Pack-Demo/Prefabs/Curry plate.prefab using Guid(ef62557891c72774580b5ddab4813f20) Importer(815301076,1909f56bfc062723c751e8b465ee728b)  -> (artifact id: '2ed7b1ad0507f365cae51531fcfb452f') in 0.019985 seconds
Number of updated asset objects reloaded before import = 0
Number of asset objects unloaded after import = 9
========================================================================
Received Import Request.
  Time since last request: 0.000080 seconds.
  path: Assets/Food Pack-Demo/Prefabs/Peach slice.prefab
  artifactKey: Guid(983892090628c6245ab20d3d0541b5b4) Importer(815301076,1909f56bfc062723c751e8b465ee728b)
Start importing Assets/Food Pack-Demo/Prefabs/Peach slice.prefab using Guid(983892090628c6245ab20d3d0541b5b4) Importer(815301076,1909f56bfc062723c751e8b465ee728b)  -> (artifact id: '3c0c51fe32700332335582f2ebecd491') in 0.014184 seconds
Number of updated asset objects reloaded before import = 0
Number of asset objects unloaded after import = 9
========================================================================
Received Import Request.
  Time since last request: 0.000092 seconds.
  path: Assets/Food Pack-Demo/Prefabs/Salmon skeleton.prefab
  artifactKey: Guid(685c0fc5fa8b9c04ca226db350611cc7) Importer(815301076,1909f56bfc062723c751e8b465ee728b)
Start importing Assets/Food Pack-Demo/Prefabs/Salmon skeleton.prefab using Guid(685c0fc5fa8b9c04ca226db350611cc7) Importer(815301076,1909f56bfc062723c751e8b465ee728b)  -> (artifact id: 'f347ff344a57fa90442040eeea0330bf') in 0.017298 seconds
Number of updated asset objects reloaded before import = 0
Number of asset objects unloaded after import = 9
========================================================================
Received Import Request.
  Time since last request: 0.000092 seconds.
  path: Assets/Food Pack-Demo/Prefabs/Salami A.prefab
  artifactKey: Guid(ef03a6620aa3c864592f399083c51fa2) Importer(815301076,1909f56bfc062723c751e8b465ee728b)
Start importing Assets/Food Pack-Demo/Prefabs/Salami A.prefab using Guid(ef03a6620aa3c864592f399083c51fa2) Importer(815301076,1909f56bfc062723c751e8b465ee728b)  -> (artifact id: '493eebd693e8af42ee24b454da6deed6') in 0.016439 seconds
Number of updated asset objects reloaded before import = 0
Number of asset objects unloaded after import = 9
========================================================================
Received Import Request.
  Time since last request: 0.000069 seconds.
  path: Assets/Food Pack-Demo/Prefabs/Soda bottle Glass A.prefab
  artifactKey: Guid(0b6e65f0fca42c647855eb8962efa3df) Importer(815301076,1909f56bfc062723c751e8b465ee728b)
Start importing Assets/Food Pack-Demo/Prefabs/Soda bottle Glass A.prefab using Guid(0b6e65f0fca42c647855eb8962efa3df) Importer(815301076,1909f56bfc062723c751e8b465ee728b)  -> (artifact id: '09d0664edc754064280836f4b4a2d00d') in 0.019151 seconds
Number of updated asset objects reloaded before import = 0
Number of asset objects unloaded after import = 10
========================================================================
Received Import Request.
  Time since last request: 0.000083 seconds.
  path: Assets/Food Pack-Demo/Prefabs/Tomato Half.prefab
  artifactKey: Guid(00a6da929c50c3e4cbddef516a2a2263) Importer(815301076,1909f56bfc062723c751e8b465ee728b)
Start importing Assets/Food Pack-Demo/Prefabs/Tomato Half.prefab using Guid(00a6da929c50c3e4cbddef516a2a2263) Importer(815301076,1909f56bfc062723c751e8b465ee728b)  -> (artifact id: '66b997f92f9bcbd26151fe62406e7ae6') in 0.017482 seconds
Number of updated asset objects reloaded before import = 0
Number of asset objects unloaded after import = 9
========================================================================
Received Import Request.
  Time since last request: 0.000069 seconds.
  path: Assets/Food Pack-Demo/Prefabs/Sake cup C.prefab
  artifactKey: Guid(1f43572f4b900384795dbd290b6442ca) Importer(815301076,1909f56bfc062723c751e8b465ee728b)
Start importing Assets/Food Pack-Demo/Prefabs/Sake cup C.prefab using Guid(1f43572f4b900384795dbd290b6442ca) Importer(815301076,1909f56bfc062723c751e8b465ee728b)  -> (artifact id: 'af6dc50c8c8091131de7698f2dce4a25') in 0.021079 seconds
Number of updated asset objects reloaded before import = 0
Number of asset objects unloaded after import = 9
========================================================================
Received Import Request.
  Time since last request: 0.000102 seconds.
  path: Assets/Food Pack-Demo/Prefabs/Salmon.prefab
  artifactKey: Guid(3a245daa6cb83334d8a55a5e90125b88) Importer(815301076,1909f56bfc062723c751e8b465ee728b)
Start importing Assets/Food Pack-Demo/Prefabs/Salmon.prefab using Guid(3a245daa6cb83334d8a55a5e90125b88) Importer(815301076,1909f56bfc062723c751e8b465ee728b)  -> (artifact id: '5425a97458529d41b96222ce3e551650') in 0.008820 seconds
Number of updated asset objects reloaded before import = 0
Number of asset objects unloaded after import = 9
========================================================================
Received Import Request.
  Time since last request: 0.000076 seconds.
  path: Assets/Food Pack-Demo/Prefabs/Swirl lollipop C.prefab
  artifactKey: Guid(829ff58b373518c4daa7e467ad84ac29) Importer(815301076,1909f56bfc062723c751e8b465ee728b)
Start importing Assets/Food Pack-Demo/Prefabs/Swirl lollipop C.prefab using Guid(829ff58b373518c4daa7e467ad84ac29) Importer(815301076,1909f56bfc062723c751e8b465ee728b)  -> (artifact id: '879498e00dbc254ff51a601c25403137') in 0.011815 seconds
Number of updated asset objects reloaded before import = 0
Number of asset objects unloaded after import = 9
========================================================================
Received Import Request.
  Time since last request: 0.000112 seconds.
  path: Assets/Food Pack-Demo/Prefabs/Bundt Cake cut.prefab
  artifactKey: Guid(475c2b2992311884da42708c21b4e989) Importer(815301076,1909f56bfc062723c751e8b465ee728b)
Start importing Assets/Food Pack-Demo/Prefabs/Bundt Cake cut.prefab using Guid(475c2b2992311884da42708c21b4e989) Importer(815301076,1909f56bfc062723c751e8b465ee728b)  -> (artifact id: '55d1d05c6e46365158c6b3860cc9e26a') in 0.011024 seconds
Number of updated asset objects reloaded before import = 0
Number of asset objects unloaded after import = 9
========================================================================
Received Import Request.
  Time since last request: 0.000075 seconds.
  path: Assets/Food Pack-Demo/Prefabs/Tomato Quarter.prefab
  artifactKey: Guid(0033046e0c84a0746ae7eeb32282a7c8) Importer(815301076,1909f56bfc062723c751e8b465ee728b)
Start importing Assets/Food Pack-Demo/Prefabs/Tomato Quarter.prefab using Guid(0033046e0c84a0746ae7eeb32282a7c8) Importer(815301076,1909f56bfc062723c751e8b465ee728b)  -> (artifact id: 'b40e31a56bfe226bc0122c8dbe6f15d7') in 0.008687 seconds
Number of updated asset objects reloaded before import = 0
Number of asset objects unloaded after import = 9
========================================================================
Received Import Request.
  Time since last request: 0.000161 seconds.
  path: Assets/Food Pack-Demo/Prefabs/Hotdog A.prefab
  artifactKey: Guid(5ebdbc030ec57844d95ccb60b8223fd7) Importer(815301076,1909f56bfc062723c751e8b465ee728b)
Start importing Assets/Food Pack-Demo/Prefabs/Hotdog A.prefab using Guid(5ebdbc030ec57844d95ccb60b8223fd7) Importer(815301076,1909f56bfc062723c751e8b465ee728b)  -> (artifact id: '8475680d83eb9b774bbe5653e3142dd0') in 0.011774 seconds
Number of updated asset objects reloaded before import = 0
Number of asset objects unloaded after import = 9
========================================================================
Received Import Request.
  Time since last request: 3.655520 seconds.
  path: Assets/Food Pack-Demo/Prefabs with colliders/Bell pepper green slice.prefab
  artifactKey: Guid(85650ce63efce4849986302aa38c779f) Importer(815301076,1909f56bfc062723c751e8b465ee728b)
Start importing Assets/Food Pack-Demo/Prefabs with colliders/Bell pepper green slice.prefab using Guid(85650ce63efce4849986302aa38c779f) Importer(815301076,1909f56bfc062723c751e8b465ee728b)  -> (artifact id: 'fae918050870fc33e0ceb60c3b65b6c8') in 0.007444 seconds
Number of updated asset objects reloaded before import = 0
Number of asset objects unloaded after import = 12
========================================================================
Received Import Request.
  Time since last request: 0.000080 seconds.
  path: Assets/Food Pack-Demo/Prefabs with colliders/Cheesecake B.prefab
  artifactKey: Guid(24b71c545c0dea94485342e22f537390) Importer(815301076,1909f56bfc062723c751e8b465ee728b)
Start importing Assets/Food Pack-Demo/Prefabs with colliders/Cheesecake B.prefab using Guid(24b71c545c0dea94485342e22f537390) Importer(815301076,1909f56bfc062723c751e8b465ee728b)  -> (artifact id: 'cefc08262a05a45d8dc703cdcc96a2d2') in 0.007575 seconds
Number of updated asset objects reloaded before import = 0
Number of asset objects unloaded after import = 12
========================================================================
Received Import Request.
  Time since last request: 0.000057 seconds.
  path: Assets/Food Pack-Demo/Prefabs with colliders/Melon.prefab
  artifactKey: Guid(287ce34570989604593d1a0beaa007d1) Importer(815301076,1909f56bfc062723c751e8b465ee728b)
Start importing Assets/Food Pack-Demo/Prefabs with colliders/Melon.prefab using Guid(287ce34570989604593d1a0beaa007d1) Importer(815301076,1909f56bfc062723c751e8b465ee728b)  -> (artifact id: '839099ab388ff6e885fee1379bdb086f') in 0.006608 seconds
Number of updated asset objects reloaded before import = 0
Number of asset objects unloaded after import = 12
========================================================================
Received Import Request.
  Time since last request: 0.000056 seconds.
  path: Assets/Food Pack-Demo/Prefabs with colliders/Sake Pot C.prefab
  artifactKey: Guid(3eb9e00580be8fb41861868e3b76e4f0) Importer(815301076,1909f56bfc062723c751e8b465ee728b)
Start importing Assets/Food Pack-Demo/Prefabs with colliders/Sake Pot C.prefab using Guid(3eb9e00580be8fb41861868e3b76e4f0) Importer(815301076,1909f56bfc062723c751e8b465ee728b)  -> (artifact id: '15eec6dca397e127008268ed84061305') in 0.006278 seconds
Number of updated asset objects reloaded before import = 0
Number of asset objects unloaded after import = 12
========================================================================
Received Import Request.
  Time since last request: 0.000052 seconds.
  path: Assets/Food Pack-Demo/Prefabs with colliders/Salami cut A.prefab
  artifactKey: Guid(86a2632b6a59b6f4eb27045f5854a597) Importer(815301076,1909f56bfc062723c751e8b465ee728b)
Start importing Assets/Food Pack-Demo/Prefabs with colliders/Salami cut A.prefab using Guid(86a2632b6a59b6f4eb27045f5854a597) Importer(815301076,1909f56bfc062723c751e8b465ee728b)  -> (artifact id: '01f0a7f855579a2916f5a4993d650dc6') in 0.006570 seconds
Number of updated asset objects reloaded before import = 0
Number of asset objects unloaded after import = 12
========================================================================
Received Import Request.
  Time since last request: 0.000044 seconds.
  path: Assets/Food Pack-Demo/Prefabs with colliders/Tomato Quarter.prefab
  artifactKey: Guid(408c0739d2750fd478c7a1af73dab7ba) Importer(815301076,1909f56bfc062723c751e8b465ee728b)
Start importing Assets/Food Pack-Demo/Prefabs with colliders/Tomato Quarter.prefab using Guid(408c0739d2750fd478c7a1af73dab7ba) Importer(815301076,1909f56bfc062723c751e8b465ee728b)  -> (artifact id: 'ead7e4bf64678c6d889efcd4f6146abd') in 0.009921 seconds
Number of updated asset objects reloaded before import = 0
Number of asset objects unloaded after import = 12
========================================================================
Received Import Request.
  Time since last request: 0.000055 seconds.
  path: Assets/Food Pack-Demo/Prefabs with colliders/Hotdog A.prefab
  artifactKey: Guid(83c77ae35da5eef458a3c6457b421e29) Importer(815301076,1909f56bfc062723c751e8b465ee728b)
Start importing Assets/Food Pack-Demo/Prefabs with colliders/Hotdog A.prefab using Guid(83c77ae35da5eef458a3c6457b421e29) Importer(815301076,1909f56bfc062723c751e8b465ee728b)  -> (artifact id: '22f32975ae67297861a110851ad1f72e') in 0.019245 seconds
Number of updated asset objects reloaded before import = 0
Number of asset objects unloaded after import = 12
========================================================================
Received Import Request.
  Time since last request: 0.000049 seconds.
  path: Assets/Food Pack-Demo/Prefabs with colliders/Salmon.prefab
  artifactKey: Guid(aef46669f3c36c64b9ac9c336991e53d) Importer(815301076,1909f56bfc062723c751e8b465ee728b)
Start importing Assets/Food Pack-Demo/Prefabs with colliders/Salmon.prefab using Guid(aef46669f3c36c64b9ac9c336991e53d) Importer(815301076,1909f56bfc062723c751e8b465ee728b)  -> (artifact id: 'c37d738e8353e101fea38cdb070e84df') in 0.010646 seconds
Number of updated asset objects reloaded before import = 0
Number of asset objects unloaded after import = 12
========================================================================
Received Import Request.
  Time since last request: 0.000067 seconds.
  path: Assets/Food Pack-Demo/Prefabs with colliders/Peach half with seed.prefab
  artifactKey: Guid(2cf67417daadbe745b60bcac672a6913) Importer(815301076,1909f56bfc062723c751e8b465ee728b)
Start importing Assets/Food Pack-Demo/Prefabs with colliders/Peach half with seed.prefab using Guid(2cf67417daadbe745b60bcac672a6913) Importer(815301076,1909f56bfc062723c751e8b465ee728b)  -> (artifact id: '0acccc625911655eb522b3890b7f3b72') in 0.007751 seconds
Number of updated asset objects reloaded before import = 0
Number of asset objects unloaded after import = 12
========================================================================
Received Import Request.
  Time since last request: 0.000121 seconds.
  path: Assets/Food Pack-Demo/Prefabs with colliders/Bundt Cake cut.prefab
  artifactKey: Guid(00b58c22752558540a1e4fe6b3c74ac8) Importer(815301076,1909f56bfc062723c751e8b465ee728b)
Start importing Assets/Food Pack-Demo/Prefabs with colliders/Bundt Cake cut.prefab using Guid(00b58c22752558540a1e4fe6b3c74ac8) Importer(815301076,1909f56bfc062723c751e8b465ee728b)  -> (artifact id: 'cdd4d2d9f0dd9fc3b9a63e234ee8306d') in 0.011075 seconds
Number of updated asset objects reloaded before import = 0
Number of asset objects unloaded after import = 14
========================================================================
Received Import Request.
  Time since last request: 0.000078 seconds.
  path: Assets/Food Pack-Demo/Prefabs with colliders/Doughnut D.prefab
  artifactKey: Guid(541d9093cad6d0945b37231b698e1f96) Importer(815301076,1909f56bfc062723c751e8b465ee728b)
Start importing Assets/Food Pack-Demo/Prefabs with colliders/Doughnut D.prefab using Guid(541d9093cad6d0945b37231b698e1f96) Importer(815301076,1909f56bfc062723c751e8b465ee728b)  -> (artifact id: '2f9695863e99ce09d7b909f9bad3ffd5') in 0.008001 seconds
Number of updated asset objects reloaded before import = 0
Number of asset objects unloaded after import = 12
========================================================================
Received Import Request.
  Time since last request: 0.000120 seconds.
  path: Assets/Food Pack-Demo/Prefabs with colliders/Salami A.prefab
  artifactKey: Guid(a1e7126b78c286248b29f182402a3bdf) Importer(815301076,1909f56bfc062723c751e8b465ee728b)
Start importing Assets/Food Pack-Demo/Prefabs with colliders/Salami A.prefab using Guid(a1e7126b78c286248b29f182402a3bdf) Importer(815301076,1909f56bfc062723c751e8b465ee728b)  -> (artifact id: '37151a2f52f2e1f17f0152cccd2d9568') in 0.008053 seconds
Number of updated asset objects reloaded before import = 0
Number of asset objects unloaded after import = 12
========================================================================
Received Import Request.
  Time since last request: 0.000066 seconds.
  path: Assets/Food Pack-Demo/Prefabs with colliders/Salmon plastic tray.prefab
  artifactKey: Guid(14e2f098e1f539240a7959e6492fd3e6) Importer(815301076,1909f56bfc062723c751e8b465ee728b)
Start importing Assets/Food Pack-Demo/Prefabs with colliders/Salmon plastic tray.prefab using Guid(14e2f098e1f539240a7959e6492fd3e6) Importer(815301076,1909f56bfc062723c751e8b465ee728b)  -> (artifact id: '9d3d9bc5a781797ecca7c652f85a6961') in 0.008876 seconds
Number of updated asset objects reloaded before import = 0
Number of asset objects unloaded after import = 13
========================================================================
Received Import Request.
  Time since last request: 0.000062 seconds.
  path: Assets/Food Pack-Demo/Prefabs with colliders/Coffee Cup C.prefab
  artifactKey: Guid(2374e3720a7b10b499a08f020177e37c) Importer(815301076,1909f56bfc062723c751e8b465ee728b)
Start importing Assets/Food Pack-Demo/Prefabs with colliders/Coffee Cup C.prefab using Guid(2374e3720a7b10b499a08f020177e37c) Importer(815301076,1909f56bfc062723c751e8b465ee728b)  -> (artifact id: '14818fe333e65a95bf673304ffea0f4c') in 0.008565 seconds
Number of updated asset objects reloaded before import = 0
Number of asset objects unloaded after import = 12
========================================================================
Received Import Request.
  Time since last request: 0.000058 seconds.
  path: Assets/Food Pack-Demo/Prefabs with colliders/Lamb Chop.prefab
  artifactKey: Guid(fd391df2a0cc8834689ec0c4e8e75799) Importer(815301076,1909f56bfc062723c751e8b465ee728b)
Start importing Assets/Food Pack-Demo/Prefabs with colliders/Lamb Chop.prefab using Guid(fd391df2a0cc8834689ec0c4e8e75799) Importer(815301076,1909f56bfc062723c751e8b465ee728b)  -> (artifact id: '6792e13d56e1a1390bff2ca1ea4b5ceb') in 0.009658 seconds
Number of updated asset objects reloaded before import = 0
Number of asset objects unloaded after import = 12
========================================================================
Received Import Request.
  Time since last request: 0.000082 seconds.
  path: Assets/Food Pack-Demo/Prefabs with colliders/Chopsticks B.prefab
  artifactKey: Guid(07941bae386e1594fb7e061ed7f25195) Importer(815301076,1909f56bfc062723c751e8b465ee728b)
Start importing Assets/Food Pack-Demo/Prefabs with colliders/Chopsticks B.prefab using Guid(07941bae386e1594fb7e061ed7f25195) Importer(815301076,1909f56bfc062723c751e8b465ee728b)  -> (artifact id: 'bb030393b8122e2b364afde49fc4a122') in 0.010003 seconds
Number of updated asset objects reloaded before import = 0
Number of asset objects unloaded after import = 12
========================================================================
Received Import Request.
  Time since last request: 0.000107 seconds.
  path: Assets/Food Pack-Demo/Prefabs with colliders/Unagi.prefab
  artifactKey: Guid(b2744511d94e11548aa4532f38d2400e) Importer(815301076,1909f56bfc062723c751e8b465ee728b)
Start importing Assets/Food Pack-Demo/Prefabs with colliders/Unagi.prefab using Guid(b2744511d94e11548aa4532f38d2400e) Importer(815301076,1909f56bfc062723c751e8b465ee728b)  -> (artifact id: '3e4a4852f56392a46bec2480a3802138') in 0.009194 seconds
Number of updated asset objects reloaded before import = 0
Number of asset objects unloaded after import = 12
========================================================================
Received Import Request.
  Time since last request: 0.000060 seconds.
  path: Assets/Food Pack-Demo/Prefabs with colliders/Pizza Margarita cut.prefab
  artifactKey: Guid(0e9ff68fb45f20d4f8b24f1622ce7ad7) Importer(815301076,1909f56bfc062723c751e8b465ee728b)
Start importing Assets/Food Pack-Demo/Prefabs with colliders/Pizza Margarita cut.prefab using Guid(0e9ff68fb45f20d4f8b24f1622ce7ad7) Importer(815301076,1909f56bfc062723c751e8b465ee728b)  -> (artifact id: '9d556d54436e958166cfa11df4ba7fe1') in 0.008750 seconds
Number of updated asset objects reloaded before import = 0
Number of asset objects unloaded after import = 12
========================================================================
Received Import Request.
  Time since last request: 0.000062 seconds.
  path: Assets/Food Pack-Demo/Prefabs with colliders/Lamb Chop Cooked.prefab
  artifactKey: Guid(50b8d7a31d8d5a2469b0806bcefffe4b) Importer(815301076,1909f56bfc062723c751e8b465ee728b)
Start importing Assets/Food Pack-Demo/Prefabs with colliders/Lamb Chop Cooked.prefab using Guid(50b8d7a31d8d5a2469b0806bcefffe4b) Importer(815301076,1909f56bfc062723c751e8b465ee728b)  -> (artifact id: '333d16b8bade41f73884b4ea8ee8da78') in 0.007615 seconds
Number of updated asset objects reloaded before import = 0
Number of asset objects unloaded after import = 12
========================================================================
Received Import Request.
  Time since last request: 0.000120 seconds.
  path: Assets/Food Pack-Demo/Prefabs with colliders/Swirl lollipop C.prefab
  artifactKey: Guid(3c92cb637d80f0b47af726bf15087820) Importer(815301076,1909f56bfc062723c751e8b465ee728b)
Start importing Assets/Food Pack-Demo/Prefabs with colliders/Swirl lollipop C.prefab using Guid(3c92cb637d80f0b47af726bf15087820) Importer(815301076,1909f56bfc062723c751e8b465ee728b)  -> (artifact id: '1b86cbb1d4f4a48a0dcd6b2d87185248') in 0.008260 seconds
Number of updated asset objects reloaded before import = 0
Number of asset objects unloaded after import = 12
========================================================================
Received Import Request.
  Time since last request: 0.000050 seconds.
  path: Assets/Food Pack-Demo/Prefabs with colliders/Soda can C.prefab
  artifactKey: Guid(6423086f4c3c91941b15347f806e5496) Importer(815301076,1909f56bfc062723c751e8b465ee728b)
Start importing Assets/Food Pack-Demo/Prefabs with colliders/Soda can C.prefab using Guid(6423086f4c3c91941b15347f806e5496) Importer(815301076,1909f56bfc062723c751e8b465ee728b)  -> (artifact id: '32ef635c03f3094c9feb452e8817cba3') in 0.006948 seconds
Number of updated asset objects reloaded before import = 0
Number of asset objects unloaded after import = 12
========================================================================
Received Import Request.
  Time since last request: 0.000048 seconds.
  path: Assets/Food Pack-Demo/Prefabs with colliders/Pizza Margarita.prefab
  artifactKey: Guid(ddfa315221cd51d43a26448bea82567e) Importer(815301076,1909f56bfc062723c751e8b465ee728b)
Start importing Assets/Food Pack-Demo/Prefabs with colliders/Pizza Margarita.prefab using Guid(ddfa315221cd51d43a26448bea82567e) Importer(815301076,1909f56bfc062723c751e8b465ee728b)  -> (artifact id: '8786d249500b902b0a66cba1fa125ed4') in 0.009892 seconds
Number of updated asset objects reloaded before import = 0
Number of asset objects unloaded after import = 12
========================================================================
Received Import Request.
  Time since last request: 0.000056 seconds.
  path: Assets/Food Pack-Demo/Prefabs with colliders/Tamago.prefab
  artifactKey: Guid(d04f7b833efcc7341aa2f179d59663af) Importer(815301076,1909f56bfc062723c751e8b465ee728b)
Start importing Assets/Food Pack-Demo/Prefabs with colliders/Tamago.prefab using Guid(d04f7b833efcc7341aa2f179d59663af) Importer(815301076,1909f56bfc062723c751e8b465ee728b)  -> (artifact id: '04451e26020d3148bd9c9181fb25e63b') in 0.008073 seconds
Number of updated asset objects reloaded before import = 0
Number of asset objects unloaded after import = 12
========================================================================
Received Import Request.
  Time since last request: 0.000071 seconds.
  path: Assets/Food Pack-Demo/Prefabs with colliders/Tomato.prefab
  artifactKey: Guid(0718c8b31df11bd408bffcfd3729b04a) Importer(815301076,1909f56bfc062723c751e8b465ee728b)
Start importing Assets/Food Pack-Demo/Prefabs with colliders/Tomato.prefab using Guid(0718c8b31df11bd408bffcfd3729b04a) Importer(815301076,1909f56bfc062723c751e8b465ee728b)  -> (artifact id: '69dde7066e439a317ea7d60c6d7cdc4f') in 0.007476 seconds
Number of updated asset objects reloaded before import = 0
Number of asset objects unloaded after import = 12
========================================================================
Received Import Request.
  Time since last request: 0.000126 seconds.
  path: Assets/Food Pack-Demo/Prefabs with colliders/Ice cream stick C.prefab
  artifactKey: Guid(30a954cbaf4343d4a8b672231ca1637b) Importer(815301076,1909f56bfc062723c751e8b465ee728b)
Start importing Assets/Food Pack-Demo/Prefabs with colliders/Ice cream stick C.prefab using Guid(30a954cbaf4343d4a8b672231ca1637b) Importer(815301076,1909f56bfc062723c751e8b465ee728b)  -> (artifact id: '18e87d85e399c33d2ea788ad66d104b9') in 0.010262 seconds
Number of updated asset objects reloaded before import = 0
Number of asset objects unloaded after import = 12
========================================================================
Received Import Request.
  Time since last request: 0.000073 seconds.
  path: Assets/Food Pack-Demo/Prefabs with colliders/Peach slice.prefab
  artifactKey: Guid(62679780ebae3144aa7a82dfa853d1a4) Importer(815301076,1909f56bfc062723c751e8b465ee728b)
Start importing Assets/Food Pack-Demo/Prefabs with colliders/Peach slice.prefab using Guid(62679780ebae3144aa7a82dfa853d1a4) Importer(815301076,1909f56bfc062723c751e8b465ee728b)  -> (artifact id: '26713b0485ad66f23ed388bde48c65ee') in 0.009371 seconds
Number of updated asset objects reloaded before import = 0
Number of asset objects unloaded after import = 12
========================================================================
Received Import Request.
  Time since last request: 0.000068 seconds.
  path: Assets/Food Pack-Demo/Prefabs with colliders/Lamb leg.prefab
  artifactKey: Guid(41ffe1a739b405340b5067d816dda9b3) Importer(815301076,1909f56bfc062723c751e8b465ee728b)
Start importing Assets/Food Pack-Demo/Prefabs with colliders/Lamb leg.prefab using Guid(41ffe1a739b405340b5067d816dda9b3) Importer(815301076,1909f56bfc062723c751e8b465ee728b)  -> (artifact id: '0c76aacd8852973d340866adc4f3a75b') in 0.010971 seconds
Number of updated asset objects reloaded before import = 0
Number of asset objects unloaded after import = 12
========================================================================
Received Import Request.
  Time since last request: 5.848610 seconds.
  path: Assets/Food Pack-Demo/Materials/Ground.mat
  artifactKey: Guid(945a79448b80295429dcfa63e188bebf) Importer(815301076,1909f56bfc062723c751e8b465ee728b)
Start importing Assets/Food Pack-Demo/Materials/Ground.mat using Guid(945a79448b80295429dcfa63e188bebf) Importer(815301076,1909f56bfc062723c751e8b465ee728b)  -> (artifact id: 'b3aec7fddda613fae50defd5b8cb4915') in 0.039970 seconds
Number of updated asset objects reloaded before import = 0
Number of asset objects unloaded after import = 1
========================================================================
Received Import Request.
  Time since last request: 2.234953 seconds.
  path: Assets/Food Pack-Demo/Mesh/Bundt Cake.fbx
  artifactKey: Guid(323aa9268390ee048920630e3337dc5a) Importer(815301076,1909f56bfc062723c751e8b465ee728b)
Start importing Assets/Food Pack-Demo/Mesh/Bundt Cake.fbx using Guid(323aa9268390ee048920630e3337dc5a) Importer(815301076,1909f56bfc062723c751e8b465ee728b)  -> (artifact id: '0f0aa8a871c4fb4bf8905645dcff589b') in 0.086664 seconds
Number of updated asset objects reloaded before import = 0
Number of asset objects unloaded after import = 7
========================================================================
Received Import Request.
  Time since last request: 0.000060 seconds.
  path: Assets/Food Pack-Demo/Mesh/Pizza Margarita.fbx
  artifactKey: Guid(bf6eb03b43ee2084584c5ad373b1da04) Importer(815301076,1909f56bfc062723c751e8b465ee728b)
Start importing Assets/Food Pack-Demo/Mesh/Pizza Margarita.fbx using Guid(bf6eb03b43ee2084584c5ad373b1da04) Importer(815301076,1909f56bfc062723c751e8b465ee728b)  -> (artifact id: '447773a116ee3cfc6c4d1cf542e6ef41') in 0.019067 seconds
Number of updated asset objects reloaded before import = 0
Number of asset objects unloaded after import = 7
========================================================================
Received Import Request.
  Time since last request: 0.000064 seconds.
  path: Assets/Food Pack-Demo/Mesh/Ice cream stick C.fbx
  artifactKey: Guid(217a93691959ffc4b917b2fd6f90ad25) Importer(815301076,1909f56bfc062723c751e8b465ee728b)
Start importing Assets/Food Pack-Demo/Mesh/Ice cream stick C.fbx using Guid(217a93691959ffc4b917b2fd6f90ad25) Importer(815301076,1909f56bfc062723c751e8b465ee728b)  -> (artifact id: '47d458b3b10a93556c459a65e8e75f9b') in 0.010821 seconds
Number of updated asset objects reloaded before import = 0
Number of asset objects unloaded after import = 7
========================================================================
Received Import Request.
  Time since last request: 0.000155 seconds.
  path: Assets/Food Pack-Demo/Mesh/Frappe B.fbx
  artifactKey: Guid(2c5f7338ca981914d95bd056f366d9b1) Importer(815301076,1909f56bfc062723c751e8b465ee728b)
Start importing Assets/Food Pack-Demo/Mesh/Frappe B.fbx using Guid(2c5f7338ca981914d95bd056f366d9b1) Importer(815301076,1909f56bfc062723c751e8b465ee728b)  -> (artifact id: 'f9fe86a473b6e6ed38eb87d6f382e403') in 0.014655 seconds
Number of updated asset objects reloaded before import = 0
Number of asset objects unloaded after import = 7
========================================================================
Received Import Request.
  Time since last request: 0.000051 seconds.
  path: Assets/Food Pack-Demo/Mesh/Hotdog A.fbx
  artifactKey: Guid(91df8a4f734646d43af41a4ed7ef5983) Importer(815301076,1909f56bfc062723c751e8b465ee728b)
Start importing Assets/Food Pack-Demo/Mesh/Hotdog A.fbx using Guid(91df8a4f734646d43af41a4ed7ef5983) Importer(815301076,1909f56bfc062723c751e8b465ee728b)  -> (artifact id: '37ce3e21e26c09e87eb11d70fe69dc6c') in 0.011226 seconds
Number of updated asset objects reloaded before import = 0
Number of asset objects unloaded after import = 7
========================================================================
Received Import Request.
  Time since last request: 0.000074 seconds.
  path: Assets/Food Pack-Demo/Mesh/Tomato Quarter.fbx
  artifactKey: Guid(f7eb075f2b7036e469890be4efa0c8cb) Importer(815301076,1909f56bfc062723c751e8b465ee728b)
Start importing Assets/Food Pack-Demo/Mesh/Tomato Quarter.fbx using Guid(f7eb075f2b7036e469890be4efa0c8cb) Importer(815301076,1909f56bfc062723c751e8b465ee728b)  -> (artifact id: 'd7a25ba2899b9e1d9856dc6c4fdd5859') in 0.011606 seconds
Number of updated asset objects reloaded before import = 0
Number of asset objects unloaded after import = 7
========================================================================
Received Import Request.
  Time since last request: 0.000052 seconds.
  path: Assets/Food Pack-Demo/Mesh/Lamb leg.fbx
  artifactKey: Guid(c696ac6d3a3e6f3498660d418d8fe5a0) Importer(815301076,1909f56bfc062723c751e8b465ee728b)
Start importing Assets/Food Pack-Demo/Mesh/Lamb leg.fbx using Guid(c696ac6d3a3e6f3498660d418d8fe5a0) Importer(815301076,1909f56bfc062723c751e8b465ee728b)  -> (artifact id: 'dc199437f9a785d833c233daca340859') in 0.012871 seconds
Number of updated asset objects reloaded before import = 0
Number of asset objects unloaded after import = 7
========================================================================
Received Import Request.
  Time since last request: 0.000067 seconds.
  path: Assets/Food Pack-Demo/Mesh/Peach half no seed.fbx
  artifactKey: Guid(32fc5ae8877ddf848aa772d51ca36350) Importer(815301076,1909f56bfc062723c751e8b465ee728b)
Start importing Assets/Food Pack-Demo/Mesh/Peach half no seed.fbx using Guid(32fc5ae8877ddf848aa772d51ca36350) Importer(815301076,1909f56bfc062723c751e8b465ee728b)  -> (artifact id: '0046c29d215a72ac3546498a35db412f') in 0.017241 seconds
Number of updated asset objects reloaded before import = 0
Number of asset objects unloaded after import = 7
========================================================================
Received Import Request.
  Time since last request: 0.000078 seconds.
  path: Assets/Food Pack-Demo/Mesh/Salami A.fbx
  artifactKey: Guid(3bc9d63909ed48241b8846cf2fdef9ea) Importer(815301076,1909f56bfc062723c751e8b465ee728b)
Start importing Assets/Food Pack-Demo/Mesh/Salami A.fbx using Guid(3bc9d63909ed48241b8846cf2fdef9ea) Importer(815301076,1909f56bfc062723c751e8b465ee728b)  -> (artifact id: '54736cb9b5759a68bf105664abe2b3d8') in 0.014280 seconds
Number of updated asset objects reloaded before import = 0
Number of asset objects unloaded after import = 7
========================================================================
Received Import Request.
  Time since last request: 0.000075 seconds.
  path: Assets/Food Pack-Demo/Mesh/Candy Cane B.fbx
  artifactKey: Guid(c4e8ab22afb1f134f932480d572fe913) Importer(815301076,1909f56bfc062723c751e8b465ee728b)
Start importing Assets/Food Pack-Demo/Mesh/Candy Cane B.fbx using Guid(c4e8ab22afb1f134f932480d572fe913) Importer(815301076,1909f56bfc062723c751e8b465ee728b)  -> (artifact id: 'bb3e962fabbfe60a5dc1445939f3af1a') in 0.012773 seconds
Number of updated asset objects reloaded before import = 0
Number of asset objects unloaded after import = 7
========================================================================
Received Import Request.
  Time since last request: 0.000081 seconds.
  path: Assets/Food Pack-Demo/Mesh/Soda can C.fbx
  artifactKey: Guid(d6c698db7cb0ec24fb918fe80eec208d) Importer(815301076,1909f56bfc062723c751e8b465ee728b)
Start importing Assets/Food Pack-Demo/Mesh/Soda can C.fbx using Guid(d6c698db7cb0ec24fb918fe80eec208d) Importer(815301076,1909f56bfc062723c751e8b465ee728b)  -> (artifact id: '3d237786bd3c04ed8e1ba0e683b175c3') in 0.013942 seconds
Number of updated asset objects reloaded before import = 0
Number of asset objects unloaded after import = 7
========================================================================
Received Import Request.
  Time since last request: 0.000067 seconds.
  path: Assets/Food Pack-Demo/Mesh/Tamago.fbx
  artifactKey: Guid(5a94d5106699cb94c878bf7d4f249029) Importer(815301076,1909f56bfc062723c751e8b465ee728b)
Start importing Assets/Food Pack-Demo/Mesh/Tamago.fbx using Guid(5a94d5106699cb94c878bf7d4f249029) Importer(815301076,1909f56bfc062723c751e8b465ee728b)  -> (artifact id: 'bd381cda29296bc0849d1bc5a1a091e7') in 0.012723 seconds
Number of updated asset objects reloaded before import = 0
Number of asset objects unloaded after import = 7
========================================================================
Received Import Request.
  Time since last request: 0.000096 seconds.
  path: Assets/Food Pack-Demo/Mesh/Salmon.fbx
  artifactKey: Guid(a9b2fe35a167c904693b59a94f5d74c8) Importer(815301076,1909f56bfc062723c751e8b465ee728b)
Start importing Assets/Food Pack-Demo/Mesh/Salmon.fbx using Guid(a9b2fe35a167c904693b59a94f5d74c8) Importer(815301076,1909f56bfc062723c751e8b465ee728b)  -> (artifact id: 'f5d9d7590703f4e3542f2c15dbe2a145') in 0.012107 seconds
Number of updated asset objects reloaded before import = 0
Number of asset objects unloaded after import = 7
========================================================================
Received Import Request.
  Time since last request: 0.000100 seconds.
  path: Assets/Food Pack-Demo/Mesh/Ketchup Plastic Bottle.fbx
  artifactKey: Guid(1b1f25b6ff8d25a4f8a6f4ba7363f755) Importer(815301076,1909f56bfc062723c751e8b465ee728b)
Start importing Assets/Food Pack-Demo/Mesh/Ketchup Plastic Bottle.fbx using Guid(1b1f25b6ff8d25a4f8a6f4ba7363f755) Importer(815301076,1909f56bfc062723c751e8b465ee728b)  -> (artifact id: '80d899c4db781f32c95cfec563cf3715') in 0.013388 seconds
Number of updated asset objects reloaded before import = 0
Number of asset objects unloaded after import = 7
========================================================================
Received Import Request.
  Time since last request: 0.000102 seconds.
  path: Assets/Food Pack-Demo/Mesh/Pizza Margarita cut.fbx
  artifactKey: Guid(528f6169f14efe54fa344f0478f8f534) Importer(815301076,1909f56bfc062723c751e8b465ee728b)
Start importing Assets/Food Pack-Demo/Mesh/Pizza Margarita cut.fbx using Guid(528f6169f14efe54fa344f0478f8f534) Importer(815301076,1909f56bfc062723c751e8b465ee728b)  -> (artifact id: 'dfe69b74a81d32b3050edb616e1507b0') in 0.015277 seconds
Number of updated asset objects reloaded before import = 0
Number of asset objects unloaded after import = 7
========================================================================
Received Import Request.
  Time since last request: 0.000114 seconds.
  path: Assets/Food Pack-Demo/Mesh/Bundt Cake Piece.fbx
  artifactKey: Guid(170013b156b2fec4aa4c3361eb197783) Importer(815301076,1909f56bfc062723c751e8b465ee728b)
Start importing Assets/Food Pack-Demo/Mesh/Bundt Cake Piece.fbx using Guid(170013b156b2fec4aa4c3361eb197783) Importer(815301076,1909f56bfc062723c751e8b465ee728b)  -> (artifact id: 'fc9bed9ebe95ae17c3bde99c3d63c325') in 0.013089 seconds
Number of updated asset objects reloaded before import = 0
Number of asset objects unloaded after import = 7
========================================================================
Received Import Request.
  Time since last request: 0.000108 seconds.
  path: Assets/Food Pack-Demo/Mesh/Sake cup C.fbx
  artifactKey: Guid(6430ec2e0c912a24ea107f474c0d1b94) Importer(815301076,1909f56bfc062723c751e8b465ee728b)
Start importing Assets/Food Pack-Demo/Mesh/Sake cup C.fbx using Guid(6430ec2e0c912a24ea107f474c0d1b94) Importer(815301076,1909f56bfc062723c751e8b465ee728b)  -> (artifact id: '2f0c06ff3c2ed187c064a8474f5f392d') in 0.012467 seconds
Number of updated asset objects reloaded before import = 0
Number of asset objects unloaded after import = 7
========================================================================
Received Import Request.
  Time since last request: 0.000078 seconds.
  path: Assets/Food Pack-Demo/Mesh/Curry plate.fbx
  artifactKey: Guid(3dfb58f22f566b1458e7d1ce6c6538bb) Importer(815301076,1909f56bfc062723c751e8b465ee728b)
Start importing Assets/Food Pack-Demo/Mesh/Curry plate.fbx using Guid(3dfb58f22f566b1458e7d1ce6c6538bb) Importer(815301076,1909f56bfc062723c751e8b465ee728b)  -> (artifact id: '616e5cadc946345634565d47197b3436') in 0.014922 seconds
Number of updated asset objects reloaded before import = 0
Number of asset objects unloaded after import = 7
========================================================================
Received Import Request.
  Time since last request: 0.000095 seconds.
  path: Assets/Food Pack-Demo/Mesh/Udon.fbx
  artifactKey: Guid(cffb8a2c466fd914ba032f71bee9c81d) Importer(815301076,1909f56bfc062723c751e8b465ee728b)
Start importing Assets/Food Pack-Demo/Mesh/Udon.fbx using Guid(cffb8a2c466fd914ba032f71bee9c81d) Importer(815301076,1909f56bfc062723c751e8b465ee728b)  -> (artifact id: 'c6f98a90f630bcc7efba8ac1da5c346e') in 0.015260 seconds
Number of updated asset objects reloaded before import = 0
Number of asset objects unloaded after import = 7
========================================================================
Received Import Request.
  Time since last request: 0.000071 seconds.
  path: Assets/Food Pack-Demo/Mesh/Tomato.fbx
  artifactKey: Guid(c945b3fa736b40940a696ec897b85013) Importer(815301076,1909f56bfc062723c751e8b465ee728b)
Start importing Assets/Food Pack-Demo/Mesh/Tomato.fbx using Guid(c945b3fa736b40940a696ec897b85013) Importer(815301076,1909f56bfc062723c751e8b465ee728b)  -> (artifact id: '6ea4261a01267168427950ecb504a0c2') in 0.014490 seconds
Number of updated asset objects reloaded before import = 0
Number of asset objects unloaded after import = 7
========================================================================
Received Import Request.
  Time since last request: 0.000152 seconds.
  path: Assets/Food Pack-Demo/Mesh/Peach.fbx
  artifactKey: Guid(553aeeace5f1a79458cc15838e4219fc) Importer(815301076,1909f56bfc062723c751e8b465ee728b)
Start importing Assets/Food Pack-Demo/Mesh/Peach.fbx using Guid(553aeeace5f1a79458cc15838e4219fc) Importer(815301076,1909f56bfc062723c751e8b465ee728b)  -> (artifact id: 'a50a93d236f81868283959656be29c40') in 0.014005 seconds
Number of updated asset objects reloaded before import = 0
Number of asset objects unloaded after import = 7
========================================================================
Received Import Request.
  Time since last request: 5.273734 seconds.
  path: Assets/Food Pack-Demo/Mesh Collider/Bundt Cake cut_collider 1.fbx
  artifactKey: Guid(4f433a88524b7164293fdb3a7dc3415c) Importer(815301076,1909f56bfc062723c751e8b465ee728b)
Start importing Assets/Food Pack-Demo/Mesh Collider/Bundt Cake cut_collider 1.fbx using Guid(4f433a88524b7164293fdb3a7dc3415c) Importer(815301076,1909f56bfc062723c751e8b465ee728b)  -> (artifact id: '9b533e30aa46ad747d6ef112b4436622') in 0.063794 seconds
Number of updated asset objects reloaded before import = 0
Number of asset objects unloaded after import = 7
========================================================================
Received Import Request.
  Time since last request: 0.000048 seconds.
  path: Assets/Food Pack-Demo/Mesh Collider/Soda can_collider.fbx
  artifactKey: Guid(c090d33afeddfe54189bed2b946c3c47) Importer(815301076,1909f56bfc062723c751e8b465ee728b)
Start importing Assets/Food Pack-Demo/Mesh Collider/Soda can_collider.fbx using Guid(c090d33afeddfe54189bed2b946c3c47) Importer(815301076,1909f56bfc062723c751e8b465ee728b)  -> (artifact id: '0684947674a6d9bbc797fe5f9b428e41') in 0.014236 seconds
Number of updated asset objects reloaded before import = 0
Number of asset objects unloaded after import = 7
========================================================================
Received Import Request.
  Time since last request: 0.000054 seconds.
  path: Assets/Food Pack-Demo/Mesh Collider/Pizza cut_collider.fbx
  artifactKey: Guid(ecc67601b0b9b0948968bee6b25e8cad) Importer(815301076,1909f56bfc062723c751e8b465ee728b)
Start importing Assets/Food Pack-Demo/Mesh Collider/Pizza cut_collider.fbx using Guid(ecc67601b0b9b0948968bee6b25e8cad) Importer(815301076,1909f56bfc062723c751e8b465ee728b)  -> (artifact id: 'f83cbc54652269932b6292433f4c12ac') in 0.014814 seconds
Number of updated asset objects reloaded before import = 0
Number of asset objects unloaded after import = 7
========================================================================
Received Import Request.
  Time since last request: 0.000054 seconds.
  path: Assets/Food Pack-Demo/Mesh Collider/Lamb leg.fbx
  artifactKey: Guid(3a23d9ea6b7474a4ab55fd98c9e2e831) Importer(815301076,1909f56bfc062723c751e8b465ee728b)
Start importing Assets/Food Pack-Demo/Mesh Collider/Lamb leg.fbx using Guid(3a23d9ea6b7474a4ab55fd98c9e2e831) Importer(815301076,1909f56bfc062723c751e8b465ee728b)  -> (artifact id: '80b0c2fe81988f2781afd7869aa38447') in 0.014526 seconds
Number of updated asset objects reloaded before import = 0
Number of asset objects unloaded after import = 7
========================================================================
Received Import Request.
  Time since last request: 0.000057 seconds.
  path: Assets/Food Pack-Demo/Mesh Collider/Candy Cane_collider 1.fbx
  artifactKey: Guid(423ce839abb28cd40862b9c05e0dfbba) Importer(815301076,1909f56bfc062723c751e8b465ee728b)
Start importing Assets/Food Pack-Demo/Mesh Collider/Candy Cane_collider 1.fbx using Guid(423ce839abb28cd40862b9c05e0dfbba) Importer(815301076,1909f56bfc062723c751e8b465ee728b)  -> (artifact id: '7efc1aecf001c86a151c2ebffb9c4f73') in 0.011630 seconds
Number of updated asset objects reloaded before import = 0
Number of asset objects unloaded after import = 7
========================================================================
Received Import Request.
  Time since last request: 0.000065 seconds.
  path: Assets/Food Pack-Demo/Mesh Collider/Chopsticks A+B_collider.fbx
  artifactKey: Guid(ed948f3b7337c0448bf0cb5b3c027b3c) Importer(815301076,1909f56bfc062723c751e8b465ee728b)
Start importing Assets/Food Pack-Demo/Mesh Collider/Chopsticks A+B_collider.fbx using Guid(ed948f3b7337c0448bf0cb5b3c027b3c) Importer(815301076,1909f56bfc062723c751e8b465ee728b)  -> (artifact id: '27baa372c1322ba51c5adc948801cfa6') in 0.010105 seconds
Number of updated asset objects reloaded before import = 0
Number of asset objects unloaded after import = 7
========================================================================
Received Import Request.
  Time since last request: 0.000046 seconds.
  path: Assets/Food Pack-Demo/Mesh Collider/Bundt Cake_collider.fbx
  artifactKey: Guid(47d699b194c4a9f42b80fc34e148967a) Importer(815301076,1909f56bfc062723c751e8b465ee728b)
Start importing Assets/Food Pack-Demo/Mesh Collider/Bundt Cake_collider.fbx using Guid(47d699b194c4a9f42b80fc34e148967a) Importer(815301076,1909f56bfc062723c751e8b465ee728b)  -> (artifact id: '8804c93cb5cd3fed2d5eeccb685218ba') in 0.010482 seconds
Number of updated asset objects reloaded before import = 0
Number of asset objects unloaded after import = 7
========================================================================
Received Import Request.
  Time since last request: 0.000050 seconds.
  path: Assets/Food Pack-Demo/Mesh Collider/Hotdog_collider.fbx
  artifactKey: Guid(79fff96ea916d7049aa5a29f035609de) Importer(815301076,1909f56bfc062723c751e8b465ee728b)
Start importing Assets/Food Pack-Demo/Mesh Collider/Hotdog_collider.fbx using Guid(79fff96ea916d7049aa5a29f035609de) Importer(815301076,1909f56bfc062723c751e8b465ee728b)  -> (artifact id: 'bb14f7976dd42d42d6fbad62f799bdaa') in 0.012835 seconds
Number of updated asset objects reloaded before import = 0
Number of asset objects unloaded after import = 7
========================================================================
Received Import Request.
  Time since last request: 0.000057 seconds.
  path: Assets/Food Pack-Demo/Mesh Collider/Frappe B_collider 1.fbx
  artifactKey: Guid(32cb640af42138144a631c828f8b18d6) Importer(815301076,1909f56bfc062723c751e8b465ee728b)
Start importing Assets/Food Pack-Demo/Mesh Collider/Frappe B_collider 1.fbx using Guid(32cb640af42138144a631c828f8b18d6) Importer(815301076,1909f56bfc062723c751e8b465ee728b)  -> (artifact id: 'eafa2abc69a012d96503eb54f1ba5f8a') in 0.015620 seconds
Number of updated asset objects reloaded before import = 0
Number of asset objects unloaded after import = 7
========================================================================
Received Import Request.
  Time since last request: 0.000176 seconds.
  path: Assets/Food Pack-Demo/Mesh Collider/Cookies_collider.fbx
  artifactKey: Guid(f2edf4816ffe3b048b481f603c027740) Importer(815301076,1909f56bfc062723c751e8b465ee728b)
Start importing Assets/Food Pack-Demo/Mesh Collider/Cookies_collider.fbx using Guid(f2edf4816ffe3b048b481f603c027740) Importer(815301076,1909f56bfc062723c751e8b465ee728b)  -> (artifact id: '4276889117845e3b082d59df60850935') in 0.013706 seconds
Number of updated asset objects reloaded before import = 0
Number of asset objects unloaded after import = 7
========================================================================
Received Import Request.
  Time since last request: 0.000111 seconds.
  path: Assets/Food Pack-Demo/Mesh Collider/Ice cream stick B to H_collider.fbx
  artifactKey: Guid(6dd9e4e9d09295845a72a8a96bf69fa7) Importer(815301076,1909f56bfc062723c751e8b465ee728b)
Start importing Assets/Food Pack-Demo/Mesh Collider/Ice cream stick B to H_collider.fbx using Guid(6dd9e4e9d09295845a72a8a96bf69fa7) Importer(815301076,1909f56bfc062723c751e8b465ee728b)  -> (artifact id: '103f77b00c6da54591deb42bc2b59555') in 0.012616 seconds
Number of updated asset objects reloaded before import = 0
Number of asset objects unloaded after import = 7
========================================================================
Received Import Request.
  Time since last request: 0.000085 seconds.
  path: Assets/Food Pack-Demo/Mesh Collider/Sake cup B+C_collider.fbx
  artifactKey: Guid(f1c12987d80023f41aaafd034260c0bb) Importer(815301076,1909f56bfc062723c751e8b465ee728b)
Start importing Assets/Food Pack-Demo/Mesh Collider/Sake cup B+C_collider.fbx using Guid(f1c12987d80023f41aaafd034260c0bb) Importer(815301076,1909f56bfc062723c751e8b465ee728b)  -> (artifact id: '70490d9b6245a6e4fc42f5064526e75b') in 0.013413 seconds
Number of updated asset objects reloaded before import = 0
Number of asset objects unloaded after import = 7
========================================================================
Received Import Request.
  Time since last request: 0.000128 seconds.
  path: Assets/Food Pack-Demo/Mesh Collider/Salami cut A_collider.fbx
  artifactKey: Guid(be7a40b8700fd754faa49f39420d02ab) Importer(815301076,1909f56bfc062723c751e8b465ee728b)
Start importing Assets/Food Pack-Demo/Mesh Collider/Salami cut A_collider.fbx using Guid(be7a40b8700fd754faa49f39420d02ab) Importer(815301076,1909f56bfc062723c751e8b465ee728b)  -> (artifact id: 'fec783d0dddd3271a1d08129158fd2a7') in 0.012108 seconds
Number of updated asset objects reloaded before import = 0
Number of asset objects unloaded after import = 7
========================================================================
Received Import Request.
  Time since last request: 0.000059 seconds.
  path: Assets/Food Pack-Demo/Mesh Collider/Salmon.fbx
  artifactKey: Guid(b64982b90887dc7448200e4b7f87b548) Importer(815301076,1909f56bfc062723c751e8b465ee728b)
Start importing Assets/Food Pack-Demo/Mesh Collider/Salmon.fbx using Guid(b64982b90887dc7448200e4b7f87b548) Importer(815301076,1909f56bfc062723c751e8b465ee728b)  -> (artifact id: '8ed7ef8bc007b2efda8d887147832e6c') in 0.014203 seconds
Number of updated asset objects reloaded before import = 0
Number of asset objects unloaded after import = 7
========================================================================
Received Import Request.
  Time since last request: 0.000060 seconds.
  path: Assets/Food Pack-Demo/Mesh Collider/Lamb leg_collider.fbx
  artifactKey: Guid(0600cd3d1155a0e4c8f29944aba6ff0c) Importer(815301076,1909f56bfc062723c751e8b465ee728b)
Start importing Assets/Food Pack-Demo/Mesh Collider/Lamb leg_collider.fbx using Guid(0600cd3d1155a0e4c8f29944aba6ff0c) Importer(815301076,1909f56bfc062723c751e8b465ee728b)  -> (artifact id: 'b9968a728217834b36bd88829e9eb3ce') in 0.014956 seconds
Number of updated asset objects reloaded before import = 0
Number of asset objects unloaded after import = 7
========================================================================
Received Import Request.
  Time since last request: 0.000101 seconds.
  path: Assets/Food Pack-Demo/Mesh Collider/Pretzel_collider.fbx
  artifactKey: Guid(6c708973b9afdf34994475a0d3635f9e) Importer(815301076,1909f56bfc062723c751e8b465ee728b)
Start importing Assets/Food Pack-Demo/Mesh Collider/Pretzel_collider.fbx using Guid(6c708973b9afdf34994475a0d3635f9e) Importer(815301076,1909f56bfc062723c751e8b465ee728b)  -> (artifact id: '02cc0730ce472512fab29ff50cb3e391') in 0.016992 seconds
Number of updated asset objects reloaded before import = 0
Number of asset objects unloaded after import = 7
========================================================================
Received Import Request.
  Time since last request: 0.000069 seconds.
  path: Assets/Food Pack-Demo/Mesh Collider/Salami slice A.fbx
  artifactKey: Guid(771737e57e14016408e53fa8529170f0) Importer(815301076,1909f56bfc062723c751e8b465ee728b)
Start importing Assets/Food Pack-Demo/Mesh Collider/Salami slice A.fbx using Guid(771737e57e14016408e53fa8529170f0) Importer(815301076,1909f56bfc062723c751e8b465ee728b)  -> (artifact id: 'c7ddb3305f7b6685f3746f1aa567623d') in 0.014490 seconds
Number of updated asset objects reloaded before import = 0
Number of asset objects unloaded after import = 7
========================================================================
Received Import Request.
  Time since last request: 0.000046 seconds.
  path: Assets/Food Pack-Demo/Mesh Collider/Soda bottle Glass_collider.fbx
  artifactKey: Guid(240383d49613ee74c972a172382dedea) Importer(815301076,1909f56bfc062723c751e8b465ee728b)
Start importing Assets/Food Pack-Demo/Mesh Collider/Soda bottle Glass_collider.fbx using Guid(240383d49613ee74c972a172382dedea) Importer(815301076,1909f56bfc062723c751e8b465ee728b)  -> (artifact id: 'df2078e016569a18b87c4cdd8477ad1a') in 0.013354 seconds
Number of updated asset objects reloaded before import = 0
Number of asset objects unloaded after import = 7
========================================================================
Received Import Request.
  Time since last request: 0.000060 seconds.
  path: Assets/Food Pack-Demo/Mesh Collider/Skewer C_collider.fbx
  artifactKey: Guid(294a18fe502a98e40b98b69e102cd8da) Importer(815301076,1909f56bfc062723c751e8b465ee728b)
Start importing Assets/Food Pack-Demo/Mesh Collider/Skewer C_collider.fbx using Guid(294a18fe502a98e40b98b69e102cd8da) Importer(815301076,1909f56bfc062723c751e8b465ee728b)  -> (artifact id: 'c8c291e27f71633c8f2eae5226125f5a') in 0.013078 seconds
Number of updated asset objects reloaded before import = 0
Number of asset objects unloaded after import = 7
========================================================================
Received Import Request.
  Time since last request: 0.000060 seconds.
  path: Assets/Food Pack-Demo/Mesh Collider/Cheesecake_collider.fbx
  artifactKey: Guid(4e2d45a4b94975245a9c389b331cb5f4) Importer(815301076,1909f56bfc062723c751e8b465ee728b)
Start importing Assets/Food Pack-Demo/Mesh Collider/Cheesecake_collider.fbx using Guid(4e2d45a4b94975245a9c389b331cb5f4) Importer(815301076,1909f56bfc062723c751e8b465ee728b)  -> (artifact id: '09e465f2253af3a9ef543e9375af3c31') in 0.015232 seconds
Number of updated asset objects reloaded before import = 0
Number of asset objects unloaded after import = 7
========================================================================
Received Import Request.
  Time since last request: 0.646905 seconds.
  path: Assets/Food Pack-Demo/Mesh Collider/Tamago_collider.fbx
  artifactKey: Guid(92ec02f8dba0a5247b37099ac8e12670) Importer(815301076,1909f56bfc062723c751e8b465ee728b)
Start importing Assets/Food Pack-Demo/Mesh Collider/Tamago_collider.fbx using Guid(92ec02f8dba0a5247b37099ac8e12670) Importer(815301076,1909f56bfc062723c751e8b465ee728b)  -> (artifact id: '7d86ee64b463fe1bec9f9a1867b6b976') in 0.020853 seconds
Number of updated asset objects reloaded before import = 0
Number of asset objects unloaded after import = 7
========================================================================
Received Import Request.
  Time since last request: 0.000056 seconds.
  path: Assets/Food Pack-Demo/Mesh Collider/Unagi_collider.fbx
  artifactKey: Guid(716d645424d63bd468a625bb1a7c7b50) Importer(815301076,1909f56bfc062723c751e8b465ee728b)
Start importing Assets/Food Pack-Demo/Mesh Collider/Unagi_collider.fbx using Guid(716d645424d63bd468a625bb1a7c7b50) Importer(815301076,1909f56bfc062723c751e8b465ee728b)  -> (artifact id: 'b5952c604e75ac653bf04afb61611272') in 0.015349 seconds
Number of updated asset objects reloaded before import = 0
Number of asset objects unloaded after import = 7
========================================================================
Received Import Request.
  Time since last request: 0.000060 seconds.
  path: Assets/Food Pack-Demo/Mesh Collider/Tomato Quarter_collider.fbx
  artifactKey: Guid(a680067804cc58b41a0dc15cf7bad0a4) Importer(815301076,1909f56bfc062723c751e8b465ee728b)
Start importing Assets/Food Pack-Demo/Mesh Collider/Tomato Quarter_collider.fbx using Guid(a680067804cc58b41a0dc15cf7bad0a4) Importer(815301076,1909f56bfc062723c751e8b465ee728b)  -> (artifact id: '91264e488a8c6b2e405ed910386a5b9a') in 0.018107 seconds
Number of updated asset objects reloaded before import = 0
Number of asset objects unloaded after import = 7
========================================================================
Received Import Request.
  Time since last request: 176.323285 seconds.
  path: Assets/Food Pack-Demo/Prefabs/Bell pepper green slice.prefab
  artifactKey: Guid(e88c61590b214934980c882847da8ffe) Importer(815301076,1909f56bfc062723c751e8b465ee728b)
Start importing Assets/Food Pack-Demo/Prefabs/Bell pepper green slice.prefab using Guid(e88c61590b214934980c882847da8ffe) Importer(815301076,1909f56bfc062723c751e8b465ee728b)  -> (artifact id: '2264a6ffa98c6354996d8ee217908f2d') in 0.207190 seconds
Number of updated asset objects reloaded before import = 0
Number of asset objects unloaded after import = 9
========================================================================
Received Import Request.
  Time since last request: 0.000055 seconds.
  path: Assets/Food Pack-Demo/Prefabs/Unagi.prefab
  artifactKey: Guid(2bcf8f1ece629e344865b2e9f599dc3f) Importer(815301076,1909f56bfc062723c751e8b465ee728b)
Start importing Assets/Food Pack-Demo/Prefabs/Unagi.prefab using Guid(2bcf8f1ece629e344865b2e9f599dc3f) Importer(815301076,1909f56bfc062723c751e8b465ee728b)  -> (artifact id: 'd7914930aef24f9c79be332c54263532') in 0.015719 seconds
Number of updated asset objects reloaded before import = 0
Number of asset objects unloaded after import = 9
========================================================================
Received Import Request.
  Time since last request: 0.000044 seconds.
  path: Assets/Food Pack-Demo/Prefabs/Ketchup Plastic Bottle.prefab
  artifactKey: Guid(739858efac64efd428120d3808c65b43) Importer(815301076,1909f56bfc062723c751e8b465ee728b)
Start importing Assets/Food Pack-Demo/Prefabs/Ketchup Plastic Bottle.prefab using Guid(739858efac64efd428120d3808c65b43) Importer(815301076,1909f56bfc062723c751e8b465ee728b)  -> (artifact id: '50d1127c853230797bdf1cfa49754248') in 0.007510 seconds
Number of updated asset objects reloaded before import = 0
Number of asset objects unloaded after import = 9
========================================================================
Received Import Request.
  Time since last request: 0.000050 seconds.
  path: Assets/Food Pack-Demo/Prefabs/Chopsticks holder.prefab
  artifactKey: Guid(e4f3a4f69c5414a48acdcc48f9cb27b9) Importer(815301076,1909f56bfc062723c751e8b465ee728b)
Start importing Assets/Food Pack-Demo/Prefabs/Chopsticks holder.prefab using Guid(e4f3a4f69c5414a48acdcc48f9cb27b9) Importer(815301076,1909f56bfc062723c751e8b465ee728b)  -> (artifact id: 'b46524154944c3873e15a4ad16cb6f09') in 0.006813 seconds
Number of updated asset objects reloaded before import = 0
Number of asset objects unloaded after import = 9
========================================================================
Received Import Request.
  Time since last request: 0.000069 seconds.
  path: Assets/Food Pack-Demo/Prefabs/Maki C1.prefab
  artifactKey: Guid(e6758420bb20ab244a05b68ed185d46d) Importer(815301076,1909f56bfc062723c751e8b465ee728b)
Start importing Assets/Food Pack-Demo/Prefabs/Maki C1.prefab using Guid(e6758420bb20ab244a05b68ed185d46d) Importer(815301076,1909f56bfc062723c751e8b465ee728b)  -> (artifact id: 'e06c9c72dc01275243eced33124650f4') in 0.007222 seconds
Number of updated asset objects reloaded before import = 0
Number of asset objects unloaded after import = 9
========================================================================
Received Import Request.
  Time since last request: 0.000080 seconds.
  path: Assets/Food Pack-Demo/Prefabs/Melon.prefab
  artifactKey: Guid(2c49621a8650a60459ee1c1548bee1d4) Importer(815301076,1909f56bfc062723c751e8b465ee728b)
Start importing Assets/Food Pack-Demo/Prefabs/Melon.prefab using Guid(2c49621a8650a60459ee1c1548bee1d4) Importer(815301076,1909f56bfc062723c751e8b465ee728b)  -> (artifact id: 'dc612b8754ffaaae0830d8b7c7c7b4f4') in 0.009758 seconds
Number of updated asset objects reloaded before import = 0
Number of asset objects unloaded after import = 9
========================================================================
Received Import Request.
  Time since last request: 0.000053 seconds.
  path: Assets/Food Pack-Demo/Prefabs/Peach slice.prefab
  artifactKey: Guid(983892090628c6245ab20d3d0541b5b4) Importer(815301076,1909f56bfc062723c751e8b465ee728b)
Start importing Assets/Food Pack-Demo/Prefabs/Peach slice.prefab using Guid(983892090628c6245ab20d3d0541b5b4) Importer(815301076,1909f56bfc062723c751e8b465ee728b)  -> (artifact id: 'de39f2246b94fa2f9be2e4f0715ca330') in 0.009774 seconds
Number of updated asset objects reloaded before import = 0
Number of asset objects unloaded after import = 9
========================================================================
Received Import Request.
  Time since last request: 0.000060 seconds.
  path: Assets/Food Pack-Demo/Prefabs/Salmon skeleton.prefab
  artifactKey: Guid(685c0fc5fa8b9c04ca226db350611cc7) Importer(815301076,1909f56bfc062723c751e8b465ee728b)
Start importing Assets/Food Pack-Demo/Prefabs/Salmon skeleton.prefab using Guid(685c0fc5fa8b9c04ca226db350611cc7) Importer(815301076,1909f56bfc062723c751e8b465ee728b)  -> (artifact id: '0f39cbf80993127bc0cb4c37db43bb5e') in 0.007185 seconds
Number of updated asset objects reloaded before import = 0
Number of asset objects unloaded after import = 9
========================================================================
Received Import Request.
  Time since last request: 0.000053 seconds.
  path: Assets/Food Pack-Demo/Prefabs/Salami A.prefab
  artifactKey: Guid(ef03a6620aa3c864592f399083c51fa2) Importer(815301076,1909f56bfc062723c751e8b465ee728b)
Start importing Assets/Food Pack-Demo/Prefabs/Salami A.prefab using Guid(ef03a6620aa3c864592f399083c51fa2) Importer(815301076,1909f56bfc062723c751e8b465ee728b)  -> (artifact id: '5b5924835e44e4af8b11e10745ca3531') in 0.011260 seconds
Number of updated asset objects reloaded before import = 0
Number of asset objects unloaded after import = 9
========================================================================
Received Import Request.
  Time since last request: 0.000112 seconds.
  path: Assets/Food Pack-Demo/Prefabs/Peach half no seed.prefab
  artifactKey: Guid(6666b77016c300745b9cd0df60be89d4) Importer(815301076,1909f56bfc062723c751e8b465ee728b)
Start importing Assets/Food Pack-Demo/Prefabs/Peach half no seed.prefab using Guid(6666b77016c300745b9cd0df60be89d4) Importer(815301076,1909f56bfc062723c751e8b465ee728b)  -> (artifact id: 'cce043f71866e13666352d522d938226') in 0.012565 seconds
Number of updated asset objects reloaded before import = 0
Number of asset objects unloaded after import = 9
========================================================================
Received Import Request.
  Time since last request: 0.000057 seconds.
  path: Assets/Food Pack-Demo/Prefabs/Sake cup C.prefab
  artifactKey: Guid(1f43572f4b900384795dbd290b6442ca) Importer(815301076,1909f56bfc062723c751e8b465ee728b)
Start importing Assets/Food Pack-Demo/Prefabs/Sake cup C.prefab using Guid(1f43572f4b900384795dbd290b6442ca) Importer(815301076,1909f56bfc062723c751e8b465ee728b)  -> (artifact id: 'ac4923227d44102129c39bc58eb657ee') in 0.007733 seconds
Number of updated asset objects reloaded before import = 0
Number of asset objects unloaded after import = 9
========================================================================
Received Import Request.
  Time since last request: 0.000062 seconds.
  path: Assets/Food Pack-Demo/Prefabs/Bundt Cake cut.prefab
  artifactKey: Guid(475c2b2992311884da42708c21b4e989) Importer(815301076,1909f56bfc062723c751e8b465ee728b)
Start importing Assets/Food Pack-Demo/Prefabs/Bundt Cake cut.prefab using Guid(475c2b2992311884da42708c21b4e989) Importer(815301076,1909f56bfc062723c751e8b465ee728b)  -> (artifact id: '222167ed48395b0bdb691d3dcd280d9a') in 0.009216 seconds
Number of updated asset objects reloaded before import = 0
Number of asset objects unloaded after import = 9
========================================================================
Received Import Request.
  Time since last request: 0.000068 seconds.
  path: Assets/Food Pack-Demo/Prefabs/Salmon Cut.prefab
  artifactKey: Guid(3033aaa6052ed4b40b0f4d7b951b5095) Importer(815301076,1909f56bfc062723c751e8b465ee728b)
Start importing Assets/Food Pack-Demo/Prefabs/Salmon Cut.prefab using Guid(3033aaa6052ed4b40b0f4d7b951b5095) Importer(815301076,1909f56bfc062723c751e8b465ee728b)  -> (artifact id: '8f12fe9bb9d42dfffe31183d8a141a36') in 0.009272 seconds
Number of updated asset objects reloaded before import = 0
Number of asset objects unloaded after import = 9
========================================================================
Received Import Request.
  Time since last request: 0.000079 seconds.
  path: Assets/Food Pack-Demo/Prefabs/Melon half.prefab
  artifactKey: Guid(f0fd291f44341a44fb9dc45391324a25) Importer(815301076,1909f56bfc062723c751e8b465ee728b)
Start importing Assets/Food Pack-Demo/Prefabs/Melon half.prefab using Guid(f0fd291f44341a44fb9dc45391324a25) Importer(815301076,1909f56bfc062723c751e8b465ee728b)  -> (artifact id: '60d3adfc810ce65eab18bac1f708ec4a') in 0.010232 seconds
Number of updated asset objects reloaded before import = 0
Number of asset objects unloaded after import = 9
========================================================================
Received Import Request.
  Time since last request: 0.000065 seconds.
  path: Assets/Food Pack-Demo/Prefabs/Sake Pot C.prefab
  artifactKey: Guid(c5e6f07f5115f5746840026cbd44ec82) Importer(815301076,1909f56bfc062723c751e8b465ee728b)
Start importing Assets/Food Pack-Demo/Prefabs/Sake Pot C.prefab using Guid(c5e6f07f5115f5746840026cbd44ec82) Importer(815301076,1909f56bfc062723c751e8b465ee728b)  -> (artifact id: '0cdadf4844ee88cd990a294dd59c0ccd') in 0.010631 seconds
Number of updated asset objects reloaded before import = 0
Number of asset objects unloaded after import = 9
========================================================================
Received Import Request.
  Time since last request: 0.000069 seconds.
  path: Assets/Food Pack-Demo/Prefabs/Peach.prefab
  artifactKey: Guid(c5240644e1df8364aa4cea385c7cf092) Importer(815301076,1909f56bfc062723c751e8b465ee728b)
Start importing Assets/Food Pack-Demo/Prefabs/Peach.prefab using Guid(c5240644e1df8364aa4cea385c7cf092) Importer(815301076,1909f56bfc062723c751e8b465ee728b)  -> (artifact id: 'de928f5f7f2e43a7eea7b808fb5be6a2') in 0.008470 seconds
Number of updated asset objects reloaded before import = 0
Number of asset objects unloaded after import = 9
========================================================================
Received Import Request.
  Time since last request: 0.000074 seconds.
  path: Assets/Food Pack-Demo/Prefabs/Sushi Wood Table.prefab
  artifactKey: Guid(18e7c192585c2da459bbaeb4fe4b39fd) Importer(815301076,1909f56bfc062723c751e8b465ee728b)
Start importing Assets/Food Pack-Demo/Prefabs/Sushi Wood Table.prefab using Guid(18e7c192585c2da459bbaeb4fe4b39fd) Importer(815301076,1909f56bfc062723c751e8b465ee728b)  -> (artifact id: '2bec774141f935d08c193dcb63137717') in 0.010026 seconds
Number of updated asset objects reloaded before import = 0
Number of asset objects unloaded after import = 9
========================================================================
Received Import Request.
  Time since last request: 0.000075 seconds.
  path: Assets/Food Pack-Demo/Prefabs/Wasabi.prefab
  artifactKey: Guid(25de3c6a9e21111478797ddd16d93022) Importer(815301076,1909f56bfc062723c751e8b465ee728b)
Start importing Assets/Food Pack-Demo/Prefabs/Wasabi.prefab using Guid(25de3c6a9e21111478797ddd16d93022) Importer(815301076,1909f56bfc062723c751e8b465ee728b)  -> (artifact id: '1f67084cc91214fd4ea583d40db1c9a3') in 0.008960 seconds
Number of updated asset objects reloaded before import = 0
Number of asset objects unloaded after import = 9
========================================================================
Received Import Request.
  Time since last request: 0.000057 seconds.
  path: Assets/Food Pack-Demo/Prefabs/Pizza Margarita.prefab
  artifactKey: Guid(0c0ea431ace4f624895e2c41a184d71c) Importer(815301076,1909f56bfc062723c751e8b465ee728b)
Start importing Assets/Food Pack-Demo/Prefabs/Pizza Margarita.prefab using Guid(0c0ea431ace4f624895e2c41a184d71c) Importer(815301076,1909f56bfc062723c751e8b465ee728b)  -> (artifact id: 'c79ca2ae4bb8f3a963b5f7bb1a0cc32b') in 0.010149 seconds
Number of updated asset objects reloaded before import = 0
Number of asset objects unloaded after import = 9
========================================================================
Received Import Request.
  Time since last request: 0.000059 seconds.
  path: Assets/Food Pack-Demo/Prefabs/Doughnut H.prefab
  artifactKey: Guid(cd5c0226d9d4b554885c988834915042) Importer(815301076,1909f56bfc062723c751e8b465ee728b)
Start importing Assets/Food Pack-Demo/Prefabs/Doughnut H.prefab using Guid(cd5c0226d9d4b554885c988834915042) Importer(815301076,1909f56bfc062723c751e8b465ee728b)  -> (artifact id: '2795aeba7dffd0e3d65002e9af9cb0cd') in 0.007489 seconds
Number of updated asset objects reloaded before import = 0
Number of asset objects unloaded after import = 9
========================================================================
Received Import Request.
  Time since last request: 0.000048 seconds.
  path: Assets/Food Pack-Demo/Prefabs/Tomato.prefab
  artifactKey: Guid(7d297ce6a487c0247b5edccce4ece3c6) Importer(815301076,1909f56bfc062723c751e8b465ee728b)
Start importing Assets/Food Pack-Demo/Prefabs/Tomato.prefab using Guid(7d297ce6a487c0247b5edccce4ece3c6) Importer(815301076,1909f56bfc062723c751e8b465ee728b)  -> (artifact id: '9c337cf41c342466d9a4a74fa8207c35') in 0.009178 seconds
Number of updated asset objects reloaded before import = 0
Number of asset objects unloaded after import = 9
========================================================================
Received Import Request.
  Time since last request: 0.000073 seconds.
  path: Assets/Food Pack-Demo/Prefabs/Salmon fillet.prefab
  artifactKey: Guid(3c0685d4d52f57548aa967a3907720f9) Importer(815301076,1909f56bfc062723c751e8b465ee728b)
Start importing Assets/Food Pack-Demo/Prefabs/Salmon fillet.prefab using Guid(3c0685d4d52f57548aa967a3907720f9) Importer(815301076,1909f56bfc062723c751e8b465ee728b)  -> (artifact id: 'e4b44ccbcd7ee90c3d34ae8178189b69') in 0.008839 seconds
Number of updated asset objects reloaded before import = 0
Number of asset objects unloaded after import = 9
========================================================================
Received Import Request.
  Time since last request: 0.000067 seconds.
  path: Assets/Food Pack-Demo/Prefabs/Pretzel.prefab
  artifactKey: Guid(13063b8319347e2479e6af5ae4bf79ca) Importer(815301076,1909f56bfc062723c751e8b465ee728b)
Start importing Assets/Food Pack-Demo/Prefabs/Pretzel.prefab using Guid(13063b8319347e2479e6af5ae4bf79ca) Importer(815301076,1909f56bfc062723c751e8b465ee728b)  -> (artifact id: 'ddb06e61a02d7fac03d44b6d2544da8b') in 0.010714 seconds
Number of updated asset objects reloaded before import = 0
Number of asset objects unloaded after import = 9
========================================================================
Received Import Request.
  Time since last request: 0.000056 seconds.
  path: Assets/Food Pack-Demo/Prefabs/Tomato Half.prefab
  artifactKey: Guid(00a6da929c50c3e4cbddef516a2a2263) Importer(815301076,1909f56bfc062723c751e8b465ee728b)
Start importing Assets/Food Pack-Demo/Prefabs/Tomato Half.prefab using Guid(00a6da929c50c3e4cbddef516a2a2263) Importer(815301076,1909f56bfc062723c751e8b465ee728b)  -> (artifact id: '5932a6dbdce01ad69cbc0885edd63818') in 0.009782 seconds
Number of updated asset objects reloaded before import = 0
Number of asset objects unloaded after import = 9
========================================================================
Received Import Request.
  Time since last request: 0.000060 seconds.
  path: Assets/Food Pack-Demo/Prefabs/Cookies.prefab
  artifactKey: Guid(be681692a047cee4baa286092a6f04e6) Importer(815301076,1909f56bfc062723c751e8b465ee728b)
Start importing Assets/Food Pack-Demo/Prefabs/Cookies.prefab using Guid(be681692a047cee4baa286092a6f04e6) Importer(815301076,1909f56bfc062723c751e8b465ee728b)  -> (artifact id: '1db249b22eae537b673309b5c3ef2148') in 0.007601 seconds
Number of updated asset objects reloaded before import = 0
Number of asset objects unloaded after import = 9
========================================================================
Received Import Request.
  Time since last request: 0.000062 seconds.
  path: Assets/Food Pack-Demo/Prefabs/Peach half with seed.prefab
  artifactKey: Guid(0ee3df7facab76a4f8e417d21e25e98f) Importer(815301076,1909f56bfc062723c751e8b465ee728b)
Start importing Assets/Food Pack-Demo/Prefabs/Peach half with seed.prefab using Guid(0ee3df7facab76a4f8e417d21e25e98f) Importer(815301076,1909f56bfc062723c751e8b465ee728b)  -> (artifact id: 'ec8194aceb57742ed1562d7920b9b2da') in 0.008477 seconds
Number of updated asset objects reloaded before import = 0
Number of asset objects unloaded after import = 9
========================================================================
Received Import Request.
  Time since last request: 0.000093 seconds.
  path: Assets/Food Pack-Demo/Prefabs/Tomato Quarter.prefab
  artifactKey: Guid(0033046e0c84a0746ae7eeb32282a7c8) Importer(815301076,1909f56bfc062723c751e8b465ee728b)
Start importing Assets/Food Pack-Demo/Prefabs/Tomato Quarter.prefab using Guid(0033046e0c84a0746ae7eeb32282a7c8) Importer(815301076,1909f56bfc062723c751e8b465ee728b)  -> (artifact id: 'cb2ed41ecf98d20525a97738c07dae52') in 0.009039 seconds
Number of updated asset objects reloaded before import = 0
Number of asset objects unloaded after import = 9
========================================================================
Received Prepare
Begin MonoManager ReloadAssembly
- Loaded All Assemblies, in  0.524 seconds
Refreshing native plugins compatible for Editor in 1.23 ms, found 2 plugins.
Native extension for WindowsStandalone target not found
Native extension for iOS target not found
Native extension for OSXStandalone target not found
[Package Manager] Server::EnsureServerProcessIsRunning -- launch failed, reason: Unity was launched with the -noUpm command-line argument
[Package Manager] UpmClient::Send -- Unable to send message (not connected to UPM process).
[Package Manager] Cannot connect to Unity Package Manager local server
Mono: successfully reloaded assembly
- Finished resetting the current domain, in  0.907 seconds
Domain Reload Profiling: 1432ms
	BeginReloadAssembly (194ms)
		ExecutionOrderSort (0ms)
		DisableScriptedObjects (5ms)
		BackupInstance (0ms)
		ReleaseScriptingObjects (0ms)
		CreateAndSetChildDomain (71ms)
	RebuildCommonClasses (47ms)
	RebuildNativeTypeToScriptingClass (14ms)
	initialDomainReloadingComplete (33ms)
	LoadAllAssembliesAndSetupDomain (236ms)
		LoadAssemblies (302ms)
		RebuildTransferFunctionScriptingTraits (0ms)
		AnalyzeDomain (17ms)
			TypeCache.Refresh (7ms)
				TypeCache.ScanAssembly (0ms)
			ScanForSourceGeneratedMonoScriptInfo (0ms)
			ResolveRequiredComponents (7ms)
	FinalizeReload (908ms)
		ReleaseScriptCaches (0ms)
		RebuildScriptCaches (0ms)
		SetupLoadedEditorAssemblies (528ms)
			LogAssemblyErrors (0ms)
			InitializePlatformSupportModulesInManaged (31ms)
			SetLoadedEditorAssemblies (6ms)
			RefreshPlugins (0ms)
			BeforeProcessingInitializeOnLoad (67ms)
			ProcessInitializeOnLoadAttributes (394ms)
			ProcessInitializeOnLoadMethodAttributes (29ms)
			AfterProcessingInitializeOnLoad (1ms)
			EditorAssembliesLoaded (0ms)
		ExecutionOrderSort2 (0ms)
		AwakeInstancesAfterBackupRestoration (6ms)
Refreshing native plugins compatible for Editor in 1.17 ms, found 2 plugins.
Preloading 0 native plugins for Editor in 0.00 ms.
Unloading 3086 Unused Serialized files (Serialized files now loaded: 0)
Unloading 22 unused Assets / (30.2 KB). Loaded Objects now: 3603.
Memory consumption went from 240.6 MB to 240.6 MB.
Total: 3.873932 ms (FindLiveObjects: 0.244377 ms CreateObjectMapping: 0.206452 ms MarkObjects: 3.378403 ms  DeleteObjects: 0.043750 ms)

Prepare: number of updated asset objects reloaded= 0
AssetImportParameters requested are different than current active one (requested -> active):
  custom:container-demuxer-ogg: 62fdf1f143b41e24485cea50d1cbac27 -> 
  custom:video-decoder-ogg-theora: a1e56fd34408186e4bbccfd4996cb3dc -> 
  custom:CustomObjectIndexerAttribute: 43b350a4d6e6d1791af0b5038c4bea17 -> 
  custom:container-demuxer-webm: 4f35f7cbe854078d1ac9338744f61a02 -> 
  custom:container-muxer-webm: aa71ff27fc2769a1b78a27578f13a17b -> 
  custom:video-decoder-webm-vp8: 9c59270c3fd7afecdb556c50c9e8de78 -> 
  custom:SearchIndexIgnoredProperties: e643bd26f0fe6173181afceb89e7c659 -> 
  custom:AudioImporter_EditorPlatform: 3918e3fc78b5a79bad01e8451be0beb8 -> 
  custom:framework-osx-AVFoundation: e770b220cccbd017edd2c1fefb359320 -> 
  custom:video-encoder-webm-vp8: eb34c28f22e8b96e1ab97ce403110664 -> 
  custom:audio-decoder-ogg-vorbis: bf7c407c2cedff20999df2af8eb42d56 -> 
  custom:audio-encoder-webm-vorbis: bf7c407c2cedff20999df2af8eb42d56 -> 
Editor requested this worker to shutdown with reason: Scaling down because of idle timeout
TcpMessagingSession - receive error: operation aborted. errorcode: 89, details: Operation aborted.
AssetImportWorker is now disconnected from the server
Process exiting
