Using pre-set license
Built from '2022.3/staging' branch; Version is '2022.3.16f1 (d2c21f0ef2f1) revision 13812255'; Using compiler version '192829333'; Build Type 'Release'
OS: 'Windows 11  (10.0.22631) 64bit Core' Language: 'en' Physical Memory: 16052 MB
BatchMode: 1, IsHumanControllingUs: 0, StartBugReporterOnCrash: 0, Is64bit: 1, IsPro: 1

COMMAND LINE ARGUMENTS:
C:\Program Files\Unity\Hub\Editor\2022.3.16f1\Editor\Unity.exe
-adb2
-batchMode
-noUpm
-name
AssetImportWorker2
-projectPath
C:/Users/Tripl/projects/FastFoodFrenzy/FastFoodFrenzy copy
-logFile
Logs/AssetImportWorker2.log
-srvPort
52467
Successfully changed project path to: C:/Users/Tripl/projects/FastFoodFrenzy/FastFoodFrenzy copy
C:/Users/Tripl/projects/FastFoodFrenzy/FastFoodFrenzy copy
[UnityMemory] Configuration Parameters - Can be set up in boot.config
    "memorysetup-bucket-allocator-granularity=16"
    "memorysetup-bucket-allocator-bucket-count=8"
    "memorysetup-bucket-allocator-block-size=33554432"
    "memorysetup-bucket-allocator-block-count=8"
    "memorysetup-main-allocator-block-size=16777216"
    "memorysetup-thread-allocator-block-size=16777216"
    "memorysetup-gfx-main-allocator-block-size=16777216"
    "memorysetup-gfx-thread-allocator-block-size=16777216"
    "memorysetup-cache-allocator-block-size=4194304"
    "memorysetup-typetree-allocator-block-size=2097152"
    "memorysetup-profiler-bucket-allocator-granularity=16"
    "memorysetup-profiler-bucket-allocator-bucket-count=8"
    "memorysetup-profiler-bucket-allocator-block-size=33554432"
    "memorysetup-profiler-bucket-allocator-block-count=8"
    "memorysetup-profiler-allocator-block-size=16777216"
    "memorysetup-profiler-editor-allocator-block-size=1048576"
    "memorysetup-temp-allocator-size-main=16777216"
    "memorysetup-job-temp-allocator-block-size=2097152"
    "memorysetup-job-temp-allocator-block-size-background=1048576"
    "memorysetup-job-temp-allocator-reduction-small-platforms=262144"
    "memorysetup-allocator-temp-initial-block-size-main=262144"
    "memorysetup-allocator-temp-initial-block-size-worker=262144"
    "memorysetup-temp-allocator-size-background-worker=32768"
    "memorysetup-temp-allocator-size-job-worker=262144"
    "memorysetup-temp-allocator-size-preload-manager=33554432"
    "memorysetup-temp-allocator-size-nav-mesh-worker=65536"
    "memorysetup-temp-allocator-size-audio-worker=65536"
    "memorysetup-temp-allocator-size-cloud-worker=32768"
    "memorysetup-temp-allocator-size-gi-baking-worker=262144"
    "memorysetup-temp-allocator-size-gfx=262144"
Player connection [26264] Host "[IP] 192.168.1.9 [Port] 0 [Flags] 2 [Guid] 3290354893 [EditorId] 3290354893 [Version] 1048832 [Id] WindowsEditor(7,Kevin) [Debug] 1 [PackageName] WindowsEditor [ProjectName] Editor" joined multi-casting on [225.0.0.222:54997]...

Player connection [26264] Host "[IP] 192.168.1.9 [Port] 0 [Flags] 2 [Guid] 3290354893 [EditorId] 3290354893 [Version] 1048832 [Id] WindowsEditor(7,Kevin) [Debug] 1 [PackageName] WindowsEditor [ProjectName] Editor" joined alternative multi-casting on [225.0.0.222:34997]...

[Physics::Module] Initialized MultithreadedJobDispatcher with 11 workers.
Refreshing native plugins compatible for Editor in 3190.85 ms, found 3 plugins.
Preloading 0 native plugins for Editor in 0.00 ms.
Initialize engine version: 2022.3.16f1 (d2c21f0ef2f1)
[Subsystems] Discovering subsystems at path C:/Program Files/Unity/Hub/Editor/2022.3.16f1/Editor/Data/Resources/UnitySubsystems
[Subsystems] Discovering subsystems at path C:/Users/Tripl/projects/FastFoodFrenzy/FastFoodFrenzy copy/Assets
GfxDevice: creating device client; threaded=0; jobified=0
Direct3D:
    Version:  Direct3D 11.0 [level 11.1]
    Renderer: NVIDIA GeForce RTX 3050 Laptop GPU (ID=0x25a2)
    Vendor:   NVIDIA
    VRAM:     3977 MB
    Driver:   31.0.15.4626
Initialize mono
Mono path[0] = 'C:/Program Files/Unity/Hub/Editor/2022.3.16f1/Editor/Data/Managed'
Mono path[1] = 'C:/Program Files/Unity/Hub/Editor/2022.3.16f1/Editor/Data/MonoBleedingEdge/lib/mono/unityjit-win32'
Mono config path = 'C:/Program Files/Unity/Hub/Editor/2022.3.16f1/Editor/Data/MonoBleedingEdge/etc'
Using monoOptions --debugger-agent=transport=dt_socket,embedding=1,server=y,suspend=n,address=127.0.0.1:56508
Begin MonoManager ReloadAssembly
Registering precompiled unity dll's ...
Register platform support module: C:/Program Files/Unity/Hub/Editor/2022.3.16f1/Editor/Data/PlaybackEngines/WindowsStandaloneSupport/UnityEditor.WindowsStandalone.Extensions.dll
Registered in 0.251590 seconds.
- Loaded All Assemblies, in 12.755 seconds
Native extension for WindowsStandalone target not found
Mono: successfully reloaded assembly
- Finished resetting the current domain, in  0.268 seconds
Domain Reload Profiling: 13022ms
	BeginReloadAssembly (9478ms)
		ExecutionOrderSort (0ms)
		DisableScriptedObjects (0ms)
		BackupInstance (0ms)
		ReleaseScriptingObjects (0ms)
		CreateAndSetChildDomain (1ms)
	RebuildCommonClasses (906ms)
	RebuildNativeTypeToScriptingClass (9ms)
	initialDomainReloadingComplete (299ms)
	LoadAllAssembliesAndSetupDomain (2061ms)
		LoadAssemblies (9478ms)
		RebuildTransferFunctionScriptingTraits (0ms)
		AnalyzeDomain (2059ms)
			TypeCache.Refresh (2058ms)
				TypeCache.ScanAssembly (1498ms)
			ScanForSourceGeneratedMonoScriptInfo (0ms)
			ResolveRequiredComponents (0ms)
	FinalizeReload (268ms)
		ReleaseScriptCaches (0ms)
		RebuildScriptCaches (0ms)
		SetupLoadedEditorAssemblies (211ms)
			LogAssemblyErrors (0ms)
			InitializePlatformSupportModulesInManaged (8ms)
			SetLoadedEditorAssemblies (7ms)
			RefreshPlugins (0ms)
			BeforeProcessingInitializeOnLoad (2ms)
			ProcessInitializeOnLoadAttributes (141ms)
			ProcessInitializeOnLoadMethodAttributes (53ms)
			AfterProcessingInitializeOnLoad (0ms)
			EditorAssembliesLoaded (0ms)
		ExecutionOrderSort2 (0ms)
		AwakeInstancesAfterBackupRestoration (0ms)
========================================================================
Worker process is ready to serve import requests
Begin MonoManager ReloadAssembly
- Loaded All Assemblies, in  9.770 seconds
Refreshing native plugins compatible for Editor in 4.40 ms, found 3 plugins.
Native extension for WindowsStandalone target not found
Package Manager log level set to [2]
[Package Manager] Server::EnsureServerProcessIsRunning -- launch failed, reason: Unity was launched with the -noUpm command-line argument
[Package Manager] UpmClient::Send -- Unable to send message (not connected to UPM process).
[Package Manager] Cannot connect to Unity Package Manager local server
[ScriptCompilation] NOT recompiling all scripts because this is an import worker process. Reason to compile was: Define symbols changed
Mono: successfully reloaded assembly
- Finished resetting the current domain, in  1.398 seconds
Domain Reload Profiling: 11168ms
	BeginReloadAssembly (127ms)
		ExecutionOrderSort (0ms)
		DisableScriptedObjects (4ms)
		BackupInstance (0ms)
		ReleaseScriptingObjects (0ms)
		CreateAndSetChildDomain (20ms)
	RebuildCommonClasses (27ms)
	RebuildNativeTypeToScriptingClass (12ms)
	initialDomainReloadingComplete (35ms)
	LoadAllAssembliesAndSetupDomain (9568ms)
		LoadAssemblies (8580ms)
		RebuildTransferFunctionScriptingTraits (0ms)
		AnalyzeDomain (1061ms)
			TypeCache.Refresh (1005ms)
				TypeCache.ScanAssembly (922ms)
			ScanForSourceGeneratedMonoScriptInfo (47ms)
			ResolveRequiredComponents (6ms)
	FinalizeReload (1399ms)
		ReleaseScriptCaches (0ms)
		RebuildScriptCaches (0ms)
		SetupLoadedEditorAssemblies (1103ms)
			LogAssemblyErrors (0ms)
			InitializePlatformSupportModulesInManaged (16ms)
			SetLoadedEditorAssemblies (5ms)
			RefreshPlugins (0ms)
			BeforeProcessingInitializeOnLoad (100ms)
			ProcessInitializeOnLoadAttributes (942ms)
			ProcessInitializeOnLoadMethodAttributes (32ms)
			AfterProcessingInitializeOnLoad (8ms)
			EditorAssembliesLoaded (0ms)
		ExecutionOrderSort2 (0ms)
		AwakeInstancesAfterBackupRestoration (12ms)
Launched and connected shader compiler UnityShaderCompiler.exe after 0.05 seconds
Refreshing native plugins compatible for Editor in 4.95 ms, found 3 plugins.
Preloading 0 native plugins for Editor in 0.00 ms.
Unloading 3285 Unused Serialized files (Serialized files now loaded: 0)
Unloading 45 unused Assets / (1.3 MB). Loaded Objects now: 3737.
Memory consumption went from 144.7 MB to 143.5 MB.
Total: 5.605600 ms (FindLiveObjects: 0.383700 ms CreateObjectMapping: 0.201800 ms MarkObjects: 4.604700 ms  DeleteObjects: 0.413200 ms)

AssetImportParameters requested are different than current active one (requested -> active):
  custom:container-demuxer-ogg: 62fdf1f143b41e24485cea50d1cbac27 -> 
  custom:video-decoder-ogg-theora: a1e56fd34408186e4bbccfd4996cb3dc -> 
  custom:framework-win-MediaFoundation: 216162199b28c13a410421893ffa2e32 -> 
  custom:CustomObjectIndexerAttribute: 43b350a4d6e6d1791af0b5038c4bea17 -> 
  custom:container-demuxer-webm: 4f35f7cbe854078d1ac9338744f61a02 -> 
  custom:container-muxer-webm: aa71ff27fc2769a1b78a27578f13a17b -> 
  custom:video-decoder-webm-vp8: 9c59270c3fd7afecdb556c50c9e8de78 -> 
  custom:SearchIndexIgnoredProperties: e643bd26f0fe6173181afceb89e7c659 -> 
  custom:AudioImporter_EditorPlatform: d09bf68614088b80899f8185d706f6e7 -> 
  custom:video-encoder-webm-vp8: eb34c28f22e8b96e1ab97ce403110664 -> 
  custom:audio-decoder-ogg-vorbis: bf7c407c2cedff20999df2af8eb42d56 -> 
  custom:audio-encoder-webm-vorbis: bf7c407c2cedff20999df2af8eb42d56 -> 
========================================================================
Received Import Request.
  Time since last request: 34259.240912 seconds.
  path: Assets/Alstrainfinite/KitchenAppliances/Prefabs/Coffee Maker.prefab
  artifactKey: Guid(026bbb898b925f54b9fc6523b72e5933) Importer(815301076,1909f56bfc062723c751e8b465ee728b)
Start importing Assets/Alstrainfinite/KitchenAppliances/Prefabs/Coffee Maker.prefab using Guid(026bbb898b925f54b9fc6523b72e5933) Importer(815301076,1909f56bfc062723c751e8b465ee728b)  -> (artifact id: 'f4f796113d5833d65d86132d80ebd02f') in 0.222176 seconds
Number of updated asset objects reloaded before import = 0
Number of asset objects unloaded after import = 23
========================================================================
Received Import Request.
  Time since last request: 0.000037 seconds.
  path: Assets/Food Pack-Demo/Prefabs/Chopsticks B.prefab
  artifactKey: Guid(57eac44584c071d4d8ef40566756f86c) Importer(815301076,1909f56bfc062723c751e8b465ee728b)
Start importing Assets/Food Pack-Demo/Prefabs/Chopsticks B.prefab using Guid(57eac44584c071d4d8ef40566756f86c) Importer(815301076,1909f56bfc062723c751e8b465ee728b)  -> (artifact id: '1d37db81f0deff8727a4716feb483f10') in 0.031627 seconds
Number of updated asset objects reloaded before import = 0
Number of asset objects unloaded after import = 9
========================================================================
Received Import Request.
  Time since last request: 0.000036 seconds.
  path: Assets/Food Pack-Demo/Prefabs/Soda can C.prefab
  artifactKey: Guid(967bda6cd12c7c34d852681f280bdfef) Importer(815301076,1909f56bfc062723c751e8b465ee728b)
Start importing Assets/Food Pack-Demo/Prefabs/Soda can C.prefab using Guid(967bda6cd12c7c34d852681f280bdfef) Importer(815301076,1909f56bfc062723c751e8b465ee728b)  -> (artifact id: 'b4f8e0db6e2082d6eda2ee422d9ff4c0') in 0.028191 seconds
Number of updated asset objects reloaded before import = 0
Number of asset objects unloaded after import = 9
========================================================================
Received Import Request.
  Time since last request: 0.000019 seconds.
  path: Assets/Alstrainfinite/KitchenAppliances/Prefabs/Mixer.prefab
  artifactKey: Guid(0bd166eac535dfd43bc28b43190b289a) Importer(815301076,1909f56bfc062723c751e8b465ee728b)
Start importing Assets/Alstrainfinite/KitchenAppliances/Prefabs/Mixer.prefab using Guid(0bd166eac535dfd43bc28b43190b289a) Importer(815301076,1909f56bfc062723c751e8b465ee728b)  -> (artifact id: '5ec52453f590a83e80bc1e9db4f9e541') in 0.030172 seconds
Number of updated asset objects reloaded before import = 0
Number of asset objects unloaded after import = 14
========================================================================
Received Import Request.
  Time since last request: 0.003616 seconds.
  path: Assets/Food Pack-Demo/Prefabs/Ketchup Plastic Bottle.prefab
  artifactKey: Guid(739858efac64efd428120d3808c65b43) Importer(815301076,1909f56bfc062723c751e8b465ee728b)
Start importing Assets/Food Pack-Demo/Prefabs/Ketchup Plastic Bottle.prefab using Guid(739858efac64efd428120d3808c65b43) Importer(815301076,1909f56bfc062723c751e8b465ee728b)  -> (artifact id: '22aed0a25c0b4294ca795490a7c1163b') in 0.038113 seconds
Number of updated asset objects reloaded before import = 0
Number of asset objects unloaded after import = 9
========================================================================
Received Import Request.
  Time since last request: 0.003543 seconds.
  path: Assets/Alstrainfinite/KitchenAppliances/Prefabs/Stovetop.prefab
  artifactKey: Guid(eb766ebb61571b14baf76b08c8426daa) Importer(815301076,1909f56bfc062723c751e8b465ee728b)
Start importing Assets/Alstrainfinite/KitchenAppliances/Prefabs/Stovetop.prefab using Guid(eb766ebb61571b14baf76b08c8426daa) Importer(815301076,1909f56bfc062723c751e8b465ee728b)  -> (artifact id: 'a7cb71bc4c4c37eec96cbb6a0bcdfcf2') in 0.048195 seconds
Number of updated asset objects reloaded before import = 0
Number of asset objects unloaded after import = 15
========================================================================
Received Import Request.
  Time since last request: 0.000399 seconds.
  path: Assets/Food Pack-Demo/Prefabs/Lamb Chop.prefab
  artifactKey: Guid(4d68119b54e0ec2468da57b83dc2688f) Importer(815301076,1909f56bfc062723c751e8b465ee728b)
Start importing Assets/Food Pack-Demo/Prefabs/Lamb Chop.prefab using Guid(4d68119b54e0ec2468da57b83dc2688f) Importer(815301076,1909f56bfc062723c751e8b465ee728b)  -> (artifact id: '7ef58848f0a947ba517cb5a430c8d3f0') in 0.034023 seconds
Number of updated asset objects reloaded before import = 0
Number of asset objects unloaded after import = 9
========================================================================
Received Import Request.
  Time since last request: 0.000595 seconds.
  path: Assets/Food Pack-Demo/Prefabs/Ice cream stick C.prefab
  artifactKey: Guid(fbf6814fd0d204440ab42c5d21ce612d) Importer(815301076,1909f56bfc062723c751e8b465ee728b)
Start importing Assets/Food Pack-Demo/Prefabs/Ice cream stick C.prefab using Guid(fbf6814fd0d204440ab42c5d21ce612d) Importer(815301076,1909f56bfc062723c751e8b465ee728b)  -> (artifact id: '8984cf1e1c837168569e6bf63f62532e') in 0.032459 seconds
Number of updated asset objects reloaded before import = 0
Number of asset objects unloaded after import = 9
========================================================================
Received Import Request.
  Time since last request: 0.000029 seconds.
  path: Assets/Alstrainfinite/KitchenAppliances/Scenes/Demo Materials
  artifactKey: Guid(3773b67fcc1eac945a80598f3278be3d) Importer(815301076,1909f56bfc062723c751e8b465ee728b)
Start importing Assets/Alstrainfinite/KitchenAppliances/Scenes/Demo Materials using Guid(3773b67fcc1eac945a80598f3278be3d) Importer(815301076,1909f56bfc062723c751e8b465ee728b)  -> (artifact id: '9e269f6f1788f099de607e146b981bf9') in 0.001244 seconds
Number of updated asset objects reloaded before import = 0
Number of asset objects unloaded after import = 0
========================================================================
Received Import Request.
  Time since last request: 0.000514 seconds.
  path: Assets/Food Pack-Demo/Prefabs/Curry plate.prefab
  artifactKey: Guid(ef62557891c72774580b5ddab4813f20) Importer(815301076,1909f56bfc062723c751e8b465ee728b)
Start importing Assets/Food Pack-Demo/Prefabs/Curry plate.prefab using Guid(ef62557891c72774580b5ddab4813f20) Importer(815301076,1909f56bfc062723c751e8b465ee728b)  -> (artifact id: 'c06dc52f03f54dfdeb3fdda4fe82d12a') in 0.031660 seconds
Number of updated asset objects reloaded before import = 0
Number of asset objects unloaded after import = 9
========================================================================
Received Import Request.
  Time since last request: 0.000069 seconds.
  path: Assets/Food Pack-Demo/Prefabs/Doughnut D.prefab
  artifactKey: Guid(e4f3387dd249a6f42b208bdf329867b1) Importer(815301076,1909f56bfc062723c751e8b465ee728b)
Start importing Assets/Food Pack-Demo/Prefabs/Doughnut D.prefab using Guid(e4f3387dd249a6f42b208bdf329867b1) Importer(815301076,1909f56bfc062723c751e8b465ee728b)  -> (artifact id: '3dcde083782c5ffa2276b0c9f54e7f20') in 0.043474 seconds
Number of updated asset objects reloaded before import = 0
Number of asset objects unloaded after import = 9
========================================================================
Received Import Request.
  Time since last request: 0.000030 seconds.
  path: Assets/Food Pack-Demo/Mesh/Unagi.fbx
  artifactKey: Guid(85ec0bf98339b9a408044de2cae26e2f) Importer(815301076,1909f56bfc062723c751e8b465ee728b)
Start importing Assets/Food Pack-Demo/Mesh/Unagi.fbx using Guid(85ec0bf98339b9a408044de2cae26e2f) Importer(815301076,1909f56bfc062723c751e8b465ee728b)  -> (artifact id: '8e627efbc5a4849f97ab18e9deb6e035') in 0.067189 seconds
Number of updated asset objects reloaded before import = 0
Number of asset objects unloaded after import = 7
========================================================================
Received Import Request.
  Time since last request: 0.000028 seconds.
  path: Assets/Food Pack-Demo/Prefabs/Peach half no seed.prefab
  artifactKey: Guid(6666b77016c300745b9cd0df60be89d4) Importer(815301076,1909f56bfc062723c751e8b465ee728b)
Start importing Assets/Food Pack-Demo/Prefabs/Peach half no seed.prefab using Guid(6666b77016c300745b9cd0df60be89d4) Importer(815301076,1909f56bfc062723c751e8b465ee728b)  -> (artifact id: 'fde5e5c75b3fc7423990d9cdccfa8ac5') in 0.038072 seconds
Number of updated asset objects reloaded before import = 0
Number of asset objects unloaded after import = 9
========================================================================
Received Import Request.
  Time since last request: 0.001929 seconds.
  path: Assets/Food Pack-Demo/Prefabs/Salami slice A.prefab
  artifactKey: Guid(d64228cdf4658ad43a6702d0bfb35387) Importer(815301076,1909f56bfc062723c751e8b465ee728b)
Start importing Assets/Food Pack-Demo/Prefabs/Salami slice A.prefab using Guid(d64228cdf4658ad43a6702d0bfb35387) Importer(815301076,1909f56bfc062723c751e8b465ee728b)  -> (artifact id: 'd4c51e55614eea9687f10353e5dbaf0d') in 0.038728 seconds
Number of updated asset objects reloaded before import = 0
Number of asset objects unloaded after import = 9
========================================================================
Received Import Request.
  Time since last request: 0.000022 seconds.
  path: Assets/Food Pack-Demo/Prefabs/Salmon plastic tray.prefab
  artifactKey: Guid(76c9ad9d42b5fb24f90335d19130672a) Importer(815301076,1909f56bfc062723c751e8b465ee728b)
Start importing Assets/Food Pack-Demo/Prefabs/Salmon plastic tray.prefab using Guid(76c9ad9d42b5fb24f90335d19130672a) Importer(815301076,1909f56bfc062723c751e8b465ee728b)  -> (artifact id: '3ba428b60bf953dc6fefe7f54da76cac') in 0.024188 seconds
Number of updated asset objects reloaded before import = 0
Number of asset objects unloaded after import = 10
========================================================================
Received Import Request.
  Time since last request: 0.000030 seconds.
  path: Assets/Alstrainfinite/KitchenAppliances/Prefabs
  artifactKey: Guid(657babed12cee9a4aa7f31cc9efe2082) Importer(815301076,1909f56bfc062723c751e8b465ee728b)
Start importing Assets/Alstrainfinite/KitchenAppliances/Prefabs using Guid(657babed12cee9a4aa7f31cc9efe2082) Importer(815301076,1909f56bfc062723c751e8b465ee728b)  -> (artifact id: '7083acd0c4db796e0f70076ad16df5de') in 0.001242 seconds
Number of updated asset objects reloaded before import = 0
Number of asset objects unloaded after import = 0
========================================================================
Received Import Request.
  Time since last request: 0.000345 seconds.
  path: Assets/Food Pack-Demo/Prefabs/Salmon Cut.prefab
  artifactKey: Guid(3033aaa6052ed4b40b0f4d7b951b5095) Importer(815301076,1909f56bfc062723c751e8b465ee728b)
Start importing Assets/Food Pack-Demo/Prefabs/Salmon Cut.prefab using Guid(3033aaa6052ed4b40b0f4d7b951b5095) Importer(815301076,1909f56bfc062723c751e8b465ee728b)  -> (artifact id: 'b3d105793f194e5360e5001a0a74934d') in 0.024925 seconds
Number of updated asset objects reloaded before import = 0
Number of asset objects unloaded after import = 9
========================================================================
Received Import Request.
  Time since last request: 0.000021 seconds.
  path: Assets/Food Pack-Demo/Prefabs/Frappe B.prefab
  artifactKey: Guid(80568ac56eee4324c9e6b89e04fdcb80) Importer(815301076,1909f56bfc062723c751e8b465ee728b)
Start importing Assets/Food Pack-Demo/Prefabs/Frappe B.prefab using Guid(80568ac56eee4324c9e6b89e04fdcb80) Importer(815301076,1909f56bfc062723c751e8b465ee728b)  -> (artifact id: '342d07bfb688844ef167408eb581a4b4') in 0.034733 seconds
Number of updated asset objects reloaded before import = 0
Number of asset objects unloaded after import = 10
========================================================================
Received Import Request.
  Time since last request: 0.000033 seconds.
  path: Assets/Food Pack-Demo/Prefabs/Lamb Chop Cooked.prefab
  artifactKey: Guid(44b8404b36524d8498b3c9305721f977) Importer(815301076,1909f56bfc062723c751e8b465ee728b)
Start importing Assets/Food Pack-Demo/Prefabs/Lamb Chop Cooked.prefab using Guid(44b8404b36524d8498b3c9305721f977) Importer(815301076,1909f56bfc062723c751e8b465ee728b)  -> (artifact id: '92d006dccfe777080ae86959452a8b81') in 0.030206 seconds
Number of updated asset objects reloaded before import = 0
Number of asset objects unloaded after import = 9
========================================================================
Received Import Request.
  Time since last request: 0.000033 seconds.
  path: Assets/Food Pack-Demo/Prefabs/Sushi Wood Table.prefab
  artifactKey: Guid(18e7c192585c2da459bbaeb4fe4b39fd) Importer(815301076,1909f56bfc062723c751e8b465ee728b)
Start importing Assets/Food Pack-Demo/Prefabs/Sushi Wood Table.prefab using Guid(18e7c192585c2da459bbaeb4fe4b39fd) Importer(815301076,1909f56bfc062723c751e8b465ee728b)  -> (artifact id: 'f4ed80f7d6ef4340400062472ea9c957') in 0.019168 seconds
Number of updated asset objects reloaded before import = 0
Number of asset objects unloaded after import = 9
========================================================================
Received Import Request.
  Time since last request: 0.000054 seconds.
  path: Assets/Food Pack-Demo/Prefabs/Wasabi.prefab
  artifactKey: Guid(25de3c6a9e21111478797ddd16d93022) Importer(815301076,1909f56bfc062723c751e8b465ee728b)
Start importing Assets/Food Pack-Demo/Prefabs/Wasabi.prefab using Guid(25de3c6a9e21111478797ddd16d93022) Importer(815301076,1909f56bfc062723c751e8b465ee728b)  -> (artifact id: '61749990d8ad896b6edf72e943fedbdd') in 0.021834 seconds
Number of updated asset objects reloaded before import = 0
Number of asset objects unloaded after import = 9
========================================================================
Received Import Request.
  Time since last request: 0.000560 seconds.
  path: Assets/Food Pack-Demo/Prefabs/Udon.prefab
  artifactKey: Guid(72f7713924360c14295e85883d1da829) Importer(815301076,1909f56bfc062723c751e8b465ee728b)
Start importing Assets/Food Pack-Demo/Prefabs/Udon.prefab using Guid(72f7713924360c14295e85883d1da829) Importer(815301076,1909f56bfc062723c751e8b465ee728b)  -> (artifact id: 'd2e2fdb6805a9e33dc82691abffcdbd0') in 0.026642 seconds
Number of updated asset objects reloaded before import = 0
Number of asset objects unloaded after import = 9
========================================================================
Received Import Request.
  Time since last request: 0.000065 seconds.
  path: Assets/Food Pack-Demo/Prefabs/Bundt Cake Piece.prefab
  artifactKey: Guid(54447e78ac5be41428f9078cf6910bf7) Importer(815301076,1909f56bfc062723c751e8b465ee728b)
Start importing Assets/Food Pack-Demo/Prefabs/Bundt Cake Piece.prefab using Guid(54447e78ac5be41428f9078cf6910bf7) Importer(815301076,1909f56bfc062723c751e8b465ee728b)  -> (artifact id: '5ee003fc3608f00ff0d5354277a0dced') in 0.029807 seconds
Number of updated asset objects reloaded before import = 0
Number of asset objects unloaded after import = 9
========================================================================
Received Import Request.
  Time since last request: 0.000017 seconds.
  path: Assets/Food Pack-Demo/Prefabs/Salmon fillet.prefab
  artifactKey: Guid(3c0685d4d52f57548aa967a3907720f9) Importer(815301076,1909f56bfc062723c751e8b465ee728b)
Start importing Assets/Food Pack-Demo/Prefabs/Salmon fillet.prefab using Guid(3c0685d4d52f57548aa967a3907720f9) Importer(815301076,1909f56bfc062723c751e8b465ee728b)  -> (artifact id: 'e76ee648eab1126064ab6c979a060b1f') in 0.025417 seconds
Number of updated asset objects reloaded before import = 0
Number of asset objects unloaded after import = 9
========================================================================
Received Import Request.
  Time since last request: 0.000046 seconds.
  path: Assets/Alstrainfinite/KitchenAppliances/Prefabs/Fan.prefab
  artifactKey: Guid(f14d1ac6dacfc0242bed295f91ed3591) Importer(815301076,1909f56bfc062723c751e8b465ee728b)
Start importing Assets/Alstrainfinite/KitchenAppliances/Prefabs/Fan.prefab using Guid(f14d1ac6dacfc0242bed295f91ed3591) Importer(815301076,1909f56bfc062723c751e8b465ee728b)  -> (artifact id: 'acfa0f0abc0bfac526c02cc356efe9a6') in 0.030371 seconds
Number of updated asset objects reloaded before import = 0
Number of asset objects unloaded after import = 10
========================================================================
Received Import Request.
  Time since last request: 0.000415 seconds.
  path: Packages/com.unity.testtools.codecoverage/package.json
  artifactKey: Guid(ba7d60725b0ec604698819352642be89) Importer(815301076,1909f56bfc062723c751e8b465ee728b)
Start importing Packages/com.unity.testtools.codecoverage/package.json using Guid(ba7d60725b0ec604698819352642be89) Importer(815301076,1909f56bfc062723c751e8b465ee728b)  -> (artifact id: 'b0c0d7986351c1cbb24f6cf9b3a39b6b') in 0.001896 seconds
Number of updated asset objects reloaded before import = 0
Number of asset objects unloaded after import = 1
========================================================================
Received Import Request.
  Time since last request: 0.000956 seconds.
  path: Assets/Food Pack-Demo/Prefabs/Pretzel.prefab
  artifactKey: Guid(13063b8319347e2479e6af5ae4bf79ca) Importer(815301076,1909f56bfc062723c751e8b465ee728b)
Start importing Assets/Food Pack-Demo/Prefabs/Pretzel.prefab using Guid(13063b8319347e2479e6af5ae4bf79ca) Importer(815301076,1909f56bfc062723c751e8b465ee728b)  -> (artifact id: '6b98c49283f9e06c86f2a82f6b505afd') in 0.026387 seconds
Number of updated asset objects reloaded before import = 0
Number of asset objects unloaded after import = 9
========================================================================
Received Import Request.
  Time since last request: 0.000021 seconds.
  path: Assets/Alstrainfinite/KitchenAppliances/Prefabs/Washer.prefab
  artifactKey: Guid(f767cce13dd852b4cbd5894364ae969e) Importer(815301076,1909f56bfc062723c751e8b465ee728b)
Start importing Assets/Alstrainfinite/KitchenAppliances/Prefabs/Washer.prefab using Guid(f767cce13dd852b4cbd5894364ae969e) Importer(815301076,1909f56bfc062723c751e8b465ee728b)  -> (artifact id: '6aee831a853579dde22b5326e8986274') in 0.024385 seconds
Number of updated asset objects reloaded before import = 0
Number of asset objects unloaded after import = 25
========================================================================
Received Import Request.
  Time since last request: 0.000433 seconds.
  path: Assets/Food Pack-Demo/Prefabs/Salmon.prefab
  artifactKey: Guid(3a245daa6cb83334d8a55a5e90125b88) Importer(815301076,1909f56bfc062723c751e8b465ee728b)
Start importing Assets/Food Pack-Demo/Prefabs/Salmon.prefab using Guid(3a245daa6cb83334d8a55a5e90125b88) Importer(815301076,1909f56bfc062723c751e8b465ee728b)  -> (artifact id: '19fbe26d47e9117c74a370d8991e983c') in 0.028324 seconds
Number of updated asset objects reloaded before import = 0
Number of asset objects unloaded after import = 9
========================================================================
Received Import Request.
  Time since last request: 0.000032 seconds.
  path: Assets/Food Pack-Demo/Mesh/Udon.fbx
  artifactKey: Guid(cffb8a2c466fd914ba032f71bee9c81d) Importer(815301076,1909f56bfc062723c751e8b465ee728b)
Start importing Assets/Food Pack-Demo/Mesh/Udon.fbx using Guid(cffb8a2c466fd914ba032f71bee9c81d) Importer(815301076,1909f56bfc062723c751e8b465ee728b)  -> (artifact id: '299cef68d28b1d70c8ddf743e631a451') in 0.032215 seconds
Number of updated asset objects reloaded before import = 0
Number of asset objects unloaded after import = 7
========================================================================
Received Import Request.
  Time since last request: 0.000354 seconds.
  path: Assets/Food Pack-Demo/Mesh/Tomato.fbx
  artifactKey: Guid(c945b3fa736b40940a696ec897b85013) Importer(815301076,1909f56bfc062723c751e8b465ee728b)
Start importing Assets/Food Pack-Demo/Mesh/Tomato.fbx using Guid(c945b3fa736b40940a696ec897b85013) Importer(815301076,1909f56bfc062723c751e8b465ee728b)  -> (artifact id: '2c5883a3f430929d3af42b40f6bcf755') in 0.028536 seconds
Number of updated asset objects reloaded before import = 0
Number of asset objects unloaded after import = 7
========================================================================
Received Import Request.
  Time since last request: 0.002466 seconds.
  path: Assets/Food Pack-Demo/Prefabs
  artifactKey: Guid(112bef4193ecafd4f8317654f0e40b83) Importer(815301076,1909f56bfc062723c751e8b465ee728b)
Start importing Assets/Food Pack-Demo/Prefabs using Guid(112bef4193ecafd4f8317654f0e40b83) Importer(815301076,1909f56bfc062723c751e8b465ee728b)  -> (artifact id: 'eb5b9d4d4cb476899ec6230d174c8bf5') in 0.002563 seconds
Number of updated asset objects reloaded before import = 0
Number of asset objects unloaded after import = 0
========================================================================
Received Import Request.
  Time since last request: 42.607504 seconds.
  path: Packages/com.unity.ugui/package.json
  artifactKey: Guid(319b8889f363f5947acf209c17a94149) Importer(815301076,1909f56bfc062723c751e8b465ee728b)
Start importing Packages/com.unity.ugui/package.json using Guid(319b8889f363f5947acf209c17a94149) Importer(815301076,1909f56bfc062723c751e8b465ee728b)  -> (artifact id: '9d51f700e97af91693ecd180754e8e1e') in 0.001769 seconds
Number of updated asset objects reloaded before import = 0
Number of asset objects unloaded after import = 1
========================================================================
Received Import Request.
  Time since last request: 67.483443 seconds.
  path: Assets/Food Pack-Demo/Scenes
  artifactKey: Guid(599d019e40e7a8946b6d7054a4dfaf3b) Importer(815301076,1909f56bfc062723c751e8b465ee728b)
Start importing Assets/Food Pack-Demo/Scenes using Guid(599d019e40e7a8946b6d7054a4dfaf3b) Importer(815301076,1909f56bfc062723c751e8b465ee728b)  -> (artifact id: 'c31b3da9b9fc3d2236fab22816b7f2d3') in 0.000570 seconds
Number of updated asset objects reloaded before import = 0
Number of asset objects unloaded after import = 0
========================================================================
Received Import Request.
  Time since last request: 3.594939 seconds.
  path: Assets/Food Pack-Demo/Mesh/Bell pepper green.fbx
  artifactKey: Guid(b2bd321d9d4d86f4abfd6229b2605d1d) Importer(815301076,1909f56bfc062723c751e8b465ee728b)
Start importing Assets/Food Pack-Demo/Mesh/Bell pepper green.fbx using Guid(b2bd321d9d4d86f4abfd6229b2605d1d) Importer(815301076,1909f56bfc062723c751e8b465ee728b)  -> (artifact id: 'd222c74d433508130527399772e644c0') in 0.028414 seconds
Number of updated asset objects reloaded before import = 0
Number of asset objects unloaded after import = 7
========================================================================
Received Import Request.
  Time since last request: 0.000023 seconds.
  path: Assets/Food Pack-Demo/Mesh/Chopsticks holder.fbx
  artifactKey: Guid(ba852628362efec42bb96877b82b206e) Importer(815301076,1909f56bfc062723c751e8b465ee728b)
Start importing Assets/Food Pack-Demo/Mesh/Chopsticks holder.fbx using Guid(ba852628362efec42bb96877b82b206e) Importer(815301076,1909f56bfc062723c751e8b465ee728b)  -> (artifact id: '8725ae2155bd47e0c0cae68f6263d926') in 0.025457 seconds
Number of updated asset objects reloaded before import = 0
Number of asset objects unloaded after import = 7
========================================================================
Received Import Request.
  Time since last request: 0.000023 seconds.
  path: Assets/Food Pack-Demo/Mesh/Salami slice A.fbx
  artifactKey: Guid(d6fce6b8548532847a260108fc2cd2ca) Importer(815301076,1909f56bfc062723c751e8b465ee728b)
Start importing Assets/Food Pack-Demo/Mesh/Salami slice A.fbx using Guid(d6fce6b8548532847a260108fc2cd2ca) Importer(815301076,1909f56bfc062723c751e8b465ee728b)  -> (artifact id: '420b1391e8b1d27d31a085a347a682b5') in 0.018745 seconds
Number of updated asset objects reloaded before import = 0
Number of asset objects unloaded after import = 7
========================================================================
Received Import Request.
  Time since last request: 0.000016 seconds.
  path: Assets/Food Pack-Demo/Mesh/Cookies.fbx
  artifactKey: Guid(de25594e1cb8efe459c8e2967beff6cd) Importer(815301076,1909f56bfc062723c751e8b465ee728b)
Start importing Assets/Food Pack-Demo/Mesh/Cookies.fbx using Guid(de25594e1cb8efe459c8e2967beff6cd) Importer(815301076,1909f56bfc062723c751e8b465ee728b)  -> (artifact id: '8edf20681a3f130c5678508789cb134d') in 0.016138 seconds
Number of updated asset objects reloaded before import = 0
Number of asset objects unloaded after import = 7
========================================================================
Received Import Request.
  Time since last request: 0.000047 seconds.
  path: Assets/Food Pack-Demo/Mesh/Candy Cane B.fbx
  artifactKey: Guid(c4e8ab22afb1f134f932480d572fe913) Importer(815301076,1909f56bfc062723c751e8b465ee728b)
Start importing Assets/Food Pack-Demo/Mesh/Candy Cane B.fbx using Guid(c4e8ab22afb1f134f932480d572fe913) Importer(815301076,1909f56bfc062723c751e8b465ee728b)  -> (artifact id: '029cb3da7d535e2f2de8388ea28e6d78') in 0.016380 seconds
Number of updated asset objects reloaded before import = 0
Number of asset objects unloaded after import = 7
========================================================================
Received Import Request.
  Time since last request: 0.000021 seconds.
  path: Assets/Food Pack-Demo/Mesh/Maki C1.fbx
  artifactKey: Guid(9d501614ca799c045bc7109e271d0082) Importer(815301076,1909f56bfc062723c751e8b465ee728b)
Start importing Assets/Food Pack-Demo/Mesh/Maki C1.fbx using Guid(9d501614ca799c045bc7109e271d0082) Importer(815301076,1909f56bfc062723c751e8b465ee728b)  -> (artifact id: '791a958e52ba7dbbdc4eadaebace4af2') in 0.017309 seconds
Number of updated asset objects reloaded before import = 0
Number of asset objects unloaded after import = 7
========================================================================
Received Import Request.
  Time since last request: 0.000028 seconds.
  path: Assets/Food Pack-Demo/Mesh/Doughnut H.fbx
  artifactKey: Guid(5f9c4456209377443bf91f23716ae8dc) Importer(815301076,1909f56bfc062723c751e8b465ee728b)
Start importing Assets/Food Pack-Demo/Mesh/Doughnut H.fbx using Guid(5f9c4456209377443bf91f23716ae8dc) Importer(815301076,1909f56bfc062723c751e8b465ee728b)  -> (artifact id: '070ec824b69d7e66fb3d8f88fef4ae0e') in 0.017532 seconds
Number of updated asset objects reloaded before import = 0
Number of asset objects unloaded after import = 7
========================================================================
Received Import Request.
  Time since last request: 0.000017 seconds.
  path: Assets/Food Pack-Demo/Mesh/Salami cut A.fbx
  artifactKey: Guid(601422f08d730974ba9474adf89a2fd5) Importer(815301076,1909f56bfc062723c751e8b465ee728b)
Start importing Assets/Food Pack-Demo/Mesh/Salami cut A.fbx using Guid(601422f08d730974ba9474adf89a2fd5) Importer(815301076,1909f56bfc062723c751e8b465ee728b)  -> (artifact id: '4806f81f37f0e4f823dbb4c06073fd4b') in 0.019942 seconds
Number of updated asset objects reloaded before import = 0
Number of asset objects unloaded after import = 7
========================================================================
Received Import Request.
  Time since last request: 0.000014 seconds.
  path: Assets/Food Pack-Demo/Mesh/Peach.fbx
  artifactKey: Guid(553aeeace5f1a79458cc15838e4219fc) Importer(815301076,1909f56bfc062723c751e8b465ee728b)
Start importing Assets/Food Pack-Demo/Mesh/Peach.fbx using Guid(553aeeace5f1a79458cc15838e4219fc) Importer(815301076,1909f56bfc062723c751e8b465ee728b)  -> (artifact id: 'f198c06ce5a972b49f416f56990dcf6d') in 0.016537 seconds
Number of updated asset objects reloaded before import = 0
Number of asset objects unloaded after import = 7
========================================================================
Received Import Request.
  Time since last request: 0.000025 seconds.
  path: Assets/Food Pack-Demo/Mesh/Pizza Margarita.fbx
  artifactKey: Guid(bf6eb03b43ee2084584c5ad373b1da04) Importer(815301076,1909f56bfc062723c751e8b465ee728b)
Start importing Assets/Food Pack-Demo/Mesh/Pizza Margarita.fbx using Guid(bf6eb03b43ee2084584c5ad373b1da04) Importer(815301076,1909f56bfc062723c751e8b465ee728b)  -> (artifact id: '732bfe752b5229c0887de743b89fc7e4') in 0.017629 seconds
Number of updated asset objects reloaded before import = 0
Number of asset objects unloaded after import = 7
========================================================================
Received Import Request.
  Time since last request: 0.000016 seconds.
  path: Assets/Food Pack-Demo/Mesh/Frappe B.fbx
  artifactKey: Guid(2c5f7338ca981914d95bd056f366d9b1) Importer(815301076,1909f56bfc062723c751e8b465ee728b)
Start importing Assets/Food Pack-Demo/Mesh/Frappe B.fbx using Guid(2c5f7338ca981914d95bd056f366d9b1) Importer(815301076,1909f56bfc062723c751e8b465ee728b)  -> (artifact id: 'e4adba449acfc3a332742f5d429eeb99') in 0.016364 seconds
Number of updated asset objects reloaded before import = 0
Number of asset objects unloaded after import = 7
========================================================================
Received Import Request.
  Time since last request: 0.000019 seconds.
  path: Assets/Food Pack-Demo/Mesh/Lamb Chop Cooked.fbx
  artifactKey: Guid(c4a3d4e77dd5fb345b4d5f6e97b15cac) Importer(815301076,1909f56bfc062723c751e8b465ee728b)
Start importing Assets/Food Pack-Demo/Mesh/Lamb Chop Cooked.fbx using Guid(c4a3d4e77dd5fb345b4d5f6e97b15cac) Importer(815301076,1909f56bfc062723c751e8b465ee728b)  -> (artifact id: 'ac91210b0ae4583e8c96d640165e607e') in 0.016034 seconds
Number of updated asset objects reloaded before import = 0
Number of asset objects unloaded after import = 7
========================================================================
Received Import Request.
  Time since last request: 0.000021 seconds.
  path: Assets/Food Pack-Demo/Mesh/Peach half no seed.fbx
  artifactKey: Guid(32fc5ae8877ddf848aa772d51ca36350) Importer(815301076,1909f56bfc062723c751e8b465ee728b)
Start importing Assets/Food Pack-Demo/Mesh/Peach half no seed.fbx using Guid(32fc5ae8877ddf848aa772d51ca36350) Importer(815301076,1909f56bfc062723c751e8b465ee728b)  -> (artifact id: '89fb576d14f8f6b44ad4e2a85fc18491') in 0.018323 seconds
Number of updated asset objects reloaded before import = 0
Number of asset objects unloaded after import = 7
========================================================================
Received Import Request.
  Time since last request: 0.000016 seconds.
  path: Assets/Food Pack-Demo/Mesh/Pizza Margarita Slice.fbx
  artifactKey: Guid(7bede346f9d49684085855be768a2b03) Importer(815301076,1909f56bfc062723c751e8b465ee728b)
Start importing Assets/Food Pack-Demo/Mesh/Pizza Margarita Slice.fbx using Guid(7bede346f9d49684085855be768a2b03) Importer(815301076,1909f56bfc062723c751e8b465ee728b)  -> (artifact id: 'aba0632bf503f3c28a1a7fc63b21d4b3') in 0.016072 seconds
Number of updated asset objects reloaded before import = 0
Number of asset objects unloaded after import = 7
========================================================================
Received Import Request.
  Time since last request: 0.000018 seconds.
  path: Assets/Food Pack-Demo/Mesh/Pretzel.fbx
  artifactKey: Guid(6518c43883174f6499223d97acee02aa) Importer(815301076,1909f56bfc062723c751e8b465ee728b)
Start importing Assets/Food Pack-Demo/Mesh/Pretzel.fbx using Guid(6518c43883174f6499223d97acee02aa) Importer(815301076,1909f56bfc062723c751e8b465ee728b)  -> (artifact id: 'e4b93b49368d88e929ac1d90b74462d4') in 0.018550 seconds
Number of updated asset objects reloaded before import = 0
Number of asset objects unloaded after import = 7
========================================================================
Received Import Request.
  Time since last request: 0.000015 seconds.
  path: Assets/Food Pack-Demo/Mesh/Cheesecake B.fbx
  artifactKey: Guid(b65fd74097925ad4abad83ba11c077d9) Importer(815301076,1909f56bfc062723c751e8b465ee728b)
Start importing Assets/Food Pack-Demo/Mesh/Cheesecake B.fbx using Guid(b65fd74097925ad4abad83ba11c077d9) Importer(815301076,1909f56bfc062723c751e8b465ee728b)  -> (artifact id: '9b8ef3b0e12d1baf666f8d071ccd74eb') in 0.014786 seconds
Number of updated asset objects reloaded before import = 0
Number of asset objects unloaded after import = 7
========================================================================
Received Import Request.
  Time since last request: 0.000015 seconds.
  path: Assets/Food Pack-Demo/Mesh/Pizza Margarita cut.fbx
  artifactKey: Guid(528f6169f14efe54fa344f0478f8f534) Importer(815301076,1909f56bfc062723c751e8b465ee728b)
Start importing Assets/Food Pack-Demo/Mesh/Pizza Margarita cut.fbx using Guid(528f6169f14efe54fa344f0478f8f534) Importer(815301076,1909f56bfc062723c751e8b465ee728b)  -> (artifact id: 'f89da6c023df3e6f261de936e440a14a') in 0.017962 seconds
Number of updated asset objects reloaded before import = 0
Number of asset objects unloaded after import = 7
========================================================================
Received Import Request.
  Time since last request: 0.000016 seconds.
  path: Assets/Food Pack-Demo/Mesh/Peach slice.fbx
  artifactKey: Guid(38373e16bfc1c5a4085a26440a7a0cb2) Importer(815301076,1909f56bfc062723c751e8b465ee728b)
Start importing Assets/Food Pack-Demo/Mesh/Peach slice.fbx using Guid(38373e16bfc1c5a4085a26440a7a0cb2) Importer(815301076,1909f56bfc062723c751e8b465ee728b)  -> (artifact id: '7e2586b52eda768407add597a4ca58e0') in 0.016546 seconds
Number of updated asset objects reloaded before import = 0
Number of asset objects unloaded after import = 7
========================================================================
Received Import Request.
  Time since last request: 0.000016 seconds.
  path: Assets/Food Pack-Demo/Mesh/Curry plate.fbx
  artifactKey: Guid(3dfb58f22f566b1458e7d1ce6c6538bb) Importer(815301076,1909f56bfc062723c751e8b465ee728b)
Start importing Assets/Food Pack-Demo/Mesh/Curry plate.fbx using Guid(3dfb58f22f566b1458e7d1ce6c6538bb) Importer(815301076,1909f56bfc062723c751e8b465ee728b)  -> (artifact id: 'a4212f023305de0ddb9c99a9aa3db9d2') in 0.017670 seconds
Number of updated asset objects reloaded before import = 0
Number of asset objects unloaded after import = 7
========================================================================
Received Import Request.
  Time since last request: 0.000027 seconds.
  path: Assets/Food Pack-Demo/Mesh/Coffee Cup C.fbx
  artifactKey: Guid(3c258662faa56ed4e90c2bf720e6f136) Importer(815301076,1909f56bfc062723c751e8b465ee728b)
Start importing Assets/Food Pack-Demo/Mesh/Coffee Cup C.fbx using Guid(3c258662faa56ed4e90c2bf720e6f136) Importer(815301076,1909f56bfc062723c751e8b465ee728b)  -> (artifact id: '19aa63cca0c446f9caa082e1e39a849e') in 0.016420 seconds
Number of updated asset objects reloaded before import = 0
Number of asset objects unloaded after import = 7
========================================================================
Received Import Request.
  Time since last request: 19.270015 seconds.
  path: Assets/Alstrainfinite/KitchenAppliances
  artifactKey: Guid(7df245281307203408106d5493a11ced) Importer(815301076,1909f56bfc062723c751e8b465ee728b)
Start importing Assets/Alstrainfinite/KitchenAppliances using Guid(7df245281307203408106d5493a11ced) Importer(815301076,1909f56bfc062723c751e8b465ee728b)  -> (artifact id: '246a66475dc3242ac0c0ccbffb46d354') in 0.001692 seconds
Number of updated asset objects reloaded before import = 0
Number of asset objects unloaded after import = 0
========================================================================
Received Import Request.
  Time since last request: 7.905314 seconds.
  path: Packages/com.unity.editorcoroutines/package.json
  artifactKey: Guid(6428ca6f30e71ee4dbea7e1d0787cb07) Importer(815301076,1909f56bfc062723c751e8b465ee728b)
Start importing Packages/com.unity.editorcoroutines/package.json using Guid(6428ca6f30e71ee4dbea7e1d0787cb07) Importer(815301076,1909f56bfc062723c751e8b465ee728b)  -> (artifact id: '3bd67d7a7ae6739df3ffd26c8a7e7974') in 0.000722 seconds
Number of updated asset objects reloaded before import = 0
Number of asset objects unloaded after import = 1
========================================================================
Received Import Request.
  Time since last request: 0.453205 seconds.
  path: Packages/com.unity.ide.rider/package.json
  artifactKey: Guid(66c95bb3c74257f41bae2622511dc02d) Importer(815301076,1909f56bfc062723c751e8b465ee728b)
Start importing Packages/com.unity.ide.rider/package.json using Guid(66c95bb3c74257f41bae2622511dc02d) Importer(815301076,1909f56bfc062723c751e8b465ee728b)  -> (artifact id: '4832fb7aa0a460324935279ab79f2823') in 0.000782 seconds
Number of updated asset objects reloaded before import = 0
Number of asset objects unloaded after import = 1
========================================================================
Received Import Request.
  Time since last request: 0.450348 seconds.
  path: Packages/com.unity.postprocessing/package.json
  artifactKey: Guid(2705889b3a9580a47b334f039bfdcb00) Importer(815301076,1909f56bfc062723c751e8b465ee728b)
Start importing Packages/com.unity.postprocessing/package.json using Guid(2705889b3a9580a47b334f039bfdcb00) Importer(815301076,1909f56bfc062723c751e8b465ee728b)  -> (artifact id: '5e332127c85c039c731d86f3d5a8410b') in 0.000853 seconds
Number of updated asset objects reloaded before import = 0
Number of asset objects unloaded after import = 1
========================================================================
Received Import Request.
  Time since last request: 0.437781 seconds.
  path: Packages/com.unity.performance.profile-analyzer/package.json
  artifactKey: Guid(478e38cbe30254f8c868840b4e2f32e1) Importer(815301076,1909f56bfc062723c751e8b465ee728b)
Start importing Packages/com.unity.performance.profile-analyzer/package.json using Guid(478e38cbe30254f8c868840b4e2f32e1) Importer(815301076,1909f56bfc062723c751e8b465ee728b)  -> (artifact id: 'a0f294e9a14fb717b88f22ea1d4b4038') in 0.000779 seconds
Number of updated asset objects reloaded before import = 0
Number of asset objects unloaded after import = 1
========================================================================
Received Import Request.
  Time since last request: 0.374848 seconds.
  path: Packages/com.unity.progrids/package.json
  artifactKey: Guid(a4c420061e5f44145b7c267f0e23904a) Importer(815301076,1909f56bfc062723c751e8b465ee728b)
Start importing Packages/com.unity.progrids/package.json using Guid(a4c420061e5f44145b7c267f0e23904a) Importer(815301076,1909f56bfc062723c751e8b465ee728b)  -> (artifact id: '02becd97959b52004fd78777c6a42298') in 0.000729 seconds
Number of updated asset objects reloaded before import = 0
Number of asset objects unloaded after import = 1
========================================================================
Received Import Request.
  Time since last request: 2.258505 seconds.
  path: Packages/com.unity.progrids/GUI
  artifactKey: Guid(09fd87956f48d844b89e36b323ae4378) Importer(815301076,1909f56bfc062723c751e8b465ee728b)
Start importing Packages/com.unity.progrids/GUI using Guid(09fd87956f48d844b89e36b323ae4378) Importer(815301076,1909f56bfc062723c751e8b465ee728b)  -> (artifact id: 'f8964e0ff136d594b44fb737ee261842') in 0.000587 seconds
Number of updated asset objects reloaded before import = 0
Number of asset objects unloaded after import = 0
========================================================================
Received Import Request.
  Time since last request: 1.298053 seconds.
  path: Packages/com.unity.progrids/GUI/About
  artifactKey: Guid(92bd02c568665dd499ffc05d2c0663ba) Importer(815301076,1909f56bfc062723c751e8b465ee728b)
Start importing Packages/com.unity.progrids/GUI/About using Guid(92bd02c568665dd499ffc05d2c0663ba) Importer(815301076,1909f56bfc062723c751e8b465ee728b)  -> (artifact id: '1665c7d6dec0939aff563ed1e0a12e6d') in 0.000504 seconds
Number of updated asset objects reloaded before import = 0
Number of asset objects unloaded after import = 0
========================================================================
Received Import Request.
  Time since last request: 0.075428 seconds.
  path: Packages/com.unity.progrids/GUI/About/Banner_Hover.png
  artifactKey: Guid(486dab38d60e39c4bba48408a15fd1c7) Importer(815301076,1909f56bfc062723c751e8b465ee728b)
Start importing Packages/com.unity.progrids/GUI/About/Banner_Hover.png using Guid(486dab38d60e39c4bba48408a15fd1c7) Importer(815301076,1909f56bfc062723c751e8b465ee728b)  -> (artifact id: '5616fdb779d35f21b1ebd890389a4822') in 0.029345 seconds
Number of updated asset objects reloaded before import = 0
Number of asset objects unloaded after import = 2
========================================================================
Received Import Request.
  Time since last request: 0.000020 seconds.
  path: Packages/com.unity.progrids/GUI/About/ScrollBackground_Pro.png
  artifactKey: Guid(e904689dad3476a4485afacabe3433af) Importer(815301076,1909f56bfc062723c751e8b465ee728b)
Start importing Packages/com.unity.progrids/GUI/About/ScrollBackground_Pro.png using Guid(e904689dad3476a4485afacabe3433af) Importer(815301076,1909f56bfc062723c751e8b465ee728b)  -> (artifact id: '2a98a89833716a95b305db5a2674855c') in 0.017106 seconds
Number of updated asset objects reloaded before import = 0
Number of asset objects unloaded after import = 2
========================================================================
Received Import Request.
  Time since last request: 2.326053 seconds.
  path: Packages/com.unity.progrids/Font/Asap-Medium-ProGrids.otf
  artifactKey: Guid(8c2220bd5fd560c4297e93c4c66a2ba8) Importer(815301076,1909f56bfc062723c751e8b465ee728b)
Start importing Packages/com.unity.progrids/Font/Asap-Medium-ProGrids.otf using Guid(8c2220bd5fd560c4297e93c4c66a2ba8) Importer(815301076,1909f56bfc062723c751e8b465ee728b)  -> (artifact id: 'a28484c4ca2a859df6a8f3b961e06034') in 0.038952 seconds
Number of updated asset objects reloaded before import = 0
Number of asset objects unloaded after import = 4
========================================================================
Received Import Request.
  Time since last request: 1.546456 seconds.
  path: Packages/com.unity.progrids/GUI/Icons
  artifactKey: Guid(875b96708e7623c409cf84c42bf9f02b) Importer(815301076,1909f56bfc062723c751e8b465ee728b)
Start importing Packages/com.unity.progrids/GUI/Icons using Guid(875b96708e7623c409cf84c42bf9f02b) Importer(815301076,1909f56bfc062723c751e8b465ee728b)  -> (artifact id: '88d980b3a01da36ea88a58198270d31f') in 0.000618 seconds
Number of updated asset objects reloaded before import = 0
Number of asset objects unloaded after import = 0
========================================================================
Received Import Request.
  Time since last request: 0.082867 seconds.
  path: Packages/com.unity.progrids/GUI/Icons/ProGrids2_Button_Hover.png
  artifactKey: Guid(8281de412bbc46b40afdd068d9d2044f) Importer(815301076,1909f56bfc062723c751e8b465ee728b)
Start importing Packages/com.unity.progrids/GUI/Icons/ProGrids2_Button_Hover.png using Guid(8281de412bbc46b40afdd068d9d2044f) Importer(815301076,1909f56bfc062723c751e8b465ee728b)  -> (artifact id: 'd6874673505fef8bf3a2edd73d7518b3') in 0.021614 seconds
Number of updated asset objects reloaded before import = 0
Number of asset objects unloaded after import = 2
========================================================================
Received Import Request.
  Time since last request: 0.000023 seconds.
  path: Packages/com.unity.progrids/GUI/Icons/ProGrids2_GUI_AngleVis_On.png
  artifactKey: Guid(e9803fa21775b4b3dacced048cb0ffdf) Importer(815301076,1909f56bfc062723c751e8b465ee728b)
Start importing Packages/com.unity.progrids/GUI/Icons/ProGrids2_GUI_AngleVis_On.png using Guid(e9803fa21775b4b3dacced048cb0ffdf) Importer(815301076,1909f56bfc062723c751e8b465ee728b)  -> (artifact id: '80fc434ecefd5aacee3d3017f9763c38') in 0.019689 seconds
Number of updated asset objects reloaded before import = 0
Number of asset objects unloaded after import = 2
========================================================================
Received Import Request.
  Time since last request: 0.000133 seconds.
  path: Packages/com.unity.progrids/GUI/Icons/ProGrids2_GUI_PGrid_Lock_On.png
  artifactKey: Guid(31dd4d304c9ea41a19bdff12d41f2442) Importer(815301076,1909f56bfc062723c751e8b465ee728b)
Start importing Packages/com.unity.progrids/GUI/Icons/ProGrids2_GUI_PGrid_Lock_On.png using Guid(31dd4d304c9ea41a19bdff12d41f2442) Importer(815301076,1909f56bfc062723c751e8b465ee728b)  -> (artifact id: 'a1632eb2e8130132df75ea109917e60b') in 0.013834 seconds
Number of updated asset objects reloaded before import = 0
Number of asset objects unloaded after import = 2
========================================================================
Received Import Request.
  Time since last request: 0.000017 seconds.
  path: Packages/com.unity.progrids/GUI/Icons/ProGrids2_GUI_PGrid_X_On.png
  artifactKey: Guid(90c5e2cb906f2c0428a8236728c9cc70) Importer(815301076,1909f56bfc062723c751e8b465ee728b)
Start importing Packages/com.unity.progrids/GUI/Icons/ProGrids2_GUI_PGrid_X_On.png using Guid(90c5e2cb906f2c0428a8236728c9cc70) Importer(815301076,1909f56bfc062723c751e8b465ee728b)  -> (artifact id: '8a44f0ced79a5a5363f7e90af5de88e8') in 0.015581 seconds
Number of updated asset objects reloaded before import = 0
Number of asset objects unloaded after import = 2
========================================================================
Received Import Request.
  Time since last request: 0.000016 seconds.
  path: Packages/com.unity.progrids/GUI/Icons/ProGrids2_GUI_PGrid_Z_On.png
  artifactKey: Guid(887d21fd78df45749a9c59c9f4d39ba3) Importer(815301076,1909f56bfc062723c751e8b465ee728b)
Start importing Packages/com.unity.progrids/GUI/Icons/ProGrids2_GUI_PGrid_Z_On.png using Guid(887d21fd78df45749a9c59c9f4d39ba3) Importer(815301076,1909f56bfc062723c751e8b465ee728b)  -> (artifact id: 'dc1eeb52ada07bf69240f90ef7d04907') in 0.015716 seconds
Number of updated asset objects reloaded before import = 0
Number of asset objects unloaded after import = 2
========================================================================
Received Import Request.
  Time since last request: 0.000065 seconds.
  path: Packages/com.unity.progrids/GUI/Icons/ProGrids2_GUI_Snap_On.png
  artifactKey: Guid(d0b345e53b456764691f9db6fbfd48d4) Importer(815301076,1909f56bfc062723c751e8b465ee728b)
Start importing Packages/com.unity.progrids/GUI/Icons/ProGrids2_GUI_Snap_On.png using Guid(d0b345e53b456764691f9db6fbfd48d4) Importer(815301076,1909f56bfc062723c751e8b465ee728b)  -> (artifact id: '939172cafb67deded05e986b9bd9a7de') in 0.013741 seconds
Number of updated asset objects reloaded before import = 0
Number of asset objects unloaded after import = 2
========================================================================
Received Import Request.
  Time since last request: 0.000018 seconds.
  path: Packages/com.unity.progrids/GUI/Icons/ProGrids2_MenuExtendo_Close.png
  artifactKey: Guid(289968f5abbae3543a47bb276d719fb4) Importer(815301076,1909f56bfc062723c751e8b465ee728b)
Start importing Packages/com.unity.progrids/GUI/Icons/ProGrids2_MenuExtendo_Close.png using Guid(289968f5abbae3543a47bb276d719fb4) Importer(815301076,1909f56bfc062723c751e8b465ee728b)  -> (artifact id: '46f6ca130d243b6bab88f02a0c960292') in 0.013886 seconds
Number of updated asset objects reloaded before import = 0
Number of asset objects unloaded after import = 2
========================================================================
Received Import Request.
  Time since last request: 0.000038 seconds.
  path: Packages/com.unity.progrids/GUI/Icons/ProGrids2_GUI_Snap_Off.png
  artifactKey: Guid(91564349a1127d64cacbed97d125c1f6) Importer(815301076,1909f56bfc062723c751e8b465ee728b)
Start importing Packages/com.unity.progrids/GUI/Icons/ProGrids2_GUI_Snap_Off.png using Guid(91564349a1127d64cacbed97d125c1f6) Importer(815301076,1909f56bfc062723c751e8b465ee728b)  -> (artifact id: 'fb39fd5bedec6f80f409635f70564412') in 0.013373 seconds
Number of updated asset objects reloaded before import = 0
Number of asset objects unloaded after import = 2
========================================================================
Received Import Request.
  Time since last request: 4.738584 seconds.
  path: Packages/com.unity.settings-manager/package.json
  artifactKey: Guid(3001f7491ac66e34a9694543d9f8b1ee) Importer(815301076,1909f56bfc062723c751e8b465ee728b)
Start importing Packages/com.unity.settings-manager/package.json using Guid(3001f7491ac66e34a9694543d9f8b1ee) Importer(815301076,1909f56bfc062723c751e8b465ee728b)  -> (artifact id: 'ec04e17e4cc5ededd5fe9efff040daa0') in 0.000978 seconds
Number of updated asset objects reloaded before import = 0
Number of asset objects unloaded after import = 1
========================================================================
Received Import Request.
  Time since last request: 0.461527 seconds.
  path: Packages/com.unity.test-framework/package.json
  artifactKey: Guid(d6a2e6e4803de7b43baacdc355fc144d) Importer(815301076,1909f56bfc062723c751e8b465ee728b)
Start importing Packages/com.unity.test-framework/package.json using Guid(d6a2e6e4803de7b43baacdc355fc144d) Importer(815301076,1909f56bfc062723c751e8b465ee728b)  -> (artifact id: 'f735537715d2afc1cf422a3d98bb5408') in 0.000919 seconds
Number of updated asset objects reloaded before import = 0
Number of asset objects unloaded after import = 1
========================================================================
Received Import Request.
  Time since last request: 0.371497 seconds.
  path: Packages/com.unity.textmeshpro/package.json
  artifactKey: Guid(220e9325710f4235a43492dd1ee4980d) Importer(815301076,1909f56bfc062723c751e8b465ee728b)
Start importing Packages/com.unity.textmeshpro/package.json using Guid(220e9325710f4235a43492dd1ee4980d) Importer(815301076,1909f56bfc062723c751e8b465ee728b)  -> (artifact id: '76e3288d49636ffd879f61a3837ce8b4') in 0.001086 seconds
Number of updated asset objects reloaded before import = 0
Number of asset objects unloaded after import = 1
========================================================================
Received Import Request.
  Time since last request: 0.439567 seconds.
  path: Packages/com.unity.timeline/package.json
  artifactKey: Guid(13a9c1b4df2e489e8eb9cacca7429596) Importer(815301076,1909f56bfc062723c751e8b465ee728b)
Start importing Packages/com.unity.timeline/package.json using Guid(13a9c1b4df2e489e8eb9cacca7429596) Importer(815301076,1909f56bfc062723c751e8b465ee728b)  -> (artifact id: 'ae9adad817a93983e2eb52a0a3ded866') in 0.001440 seconds
Number of updated asset objects reloaded before import = 0
Number of asset objects unloaded after import = 1
========================================================================
Received Import Request.
  Time since last request: 1.444465 seconds.
  path: Packages/com.unity.ide.vscode/package.json
  artifactKey: Guid(ffc6271f08270b64ca0aae9c49235d81) Importer(815301076,1909f56bfc062723c751e8b465ee728b)
Start importing Packages/com.unity.ide.vscode/package.json using Guid(ffc6271f08270b64ca0aae9c49235d81) Importer(815301076,1909f56bfc062723c751e8b465ee728b)  -> (artifact id: '40215ebba8923078209f43b5ba2c28c9') in 0.000777 seconds
Number of updated asset objects reloaded before import = 0
Number of asset objects unloaded after import = 1
========================================================================
Received Import Request.
  Time since last request: 0.427378 seconds.
  path: Packages/com.unity.visualscripting/package.json
  artifactKey: Guid(545a9d2bc7370224f8d14c22f2f580e0) Importer(815301076,1909f56bfc062723c751e8b465ee728b)
Start importing Packages/com.unity.visualscripting/package.json using Guid(545a9d2bc7370224f8d14c22f2f580e0) Importer(815301076,1909f56bfc062723c751e8b465ee728b)  -> (artifact id: 'c4dbbd48b79885f0528a8239322419f0') in 0.001141 seconds
Number of updated asset objects reloaded before import = 0
Number of asset objects unloaded after import = 1
========================================================================
Received Import Request.
  Time since last request: 1.019451 seconds.
  path: Packages/com.unity.collab-proxy/package.json
  artifactKey: Guid(743fda8c4b219c8429fb5a77ede1c879) Importer(815301076,1909f56bfc062723c751e8b465ee728b)
Start importing Packages/com.unity.collab-proxy/package.json using Guid(743fda8c4b219c8429fb5a77ede1c879) Importer(815301076,1909f56bfc062723c751e8b465ee728b)  -> (artifact id: 'c13e33fab3ff20b4aeacd291f6383c95') in 0.000724 seconds
Number of updated asset objects reloaded before import = 0
Number of asset objects unloaded after import = 1
========================================================================
Received Import Request.
  Time since last request: 8.777571 seconds.
  path: Assets/TextMesh Pro/Fonts/LiberationSans.ttf
  artifactKey: Guid(e3265ab4bf004d28a9537516768c1c75) Importer(815301076,1909f56bfc062723c751e8b465ee728b)
Start importing Assets/TextMesh Pro/Fonts/LiberationSans.ttf using Guid(e3265ab4bf004d28a9537516768c1c75) Importer(815301076,1909f56bfc062723c751e8b465ee728b)  -> (artifact id: '868ae7279cb8681e901fb13a12c8cb7e') in 0.011341 seconds
Number of updated asset objects reloaded before import = 0
Number of asset objects unloaded after import = 4
========================================================================
Received Import Request.
  Time since last request: 0.362651 seconds.
  path: Assets/TextMesh Pro/Resources/TMP Settings.asset
  artifactKey: Guid(3f5b5dff67a942289a9defa416b206f3) Importer(815301076,1909f56bfc062723c751e8b465ee728b)
Start importing Assets/TextMesh Pro/Resources/TMP Settings.asset using Guid(3f5b5dff67a942289a9defa416b206f3) Importer(815301076,1909f56bfc062723c751e8b465ee728b)  -> (artifact id: 'eb2fc9f1b3a04bc48beeee1031815e4c') in 0.115600 seconds
Number of updated asset objects reloaded before import = 0
Number of asset objects unloaded after import = 15
========================================================================
Received Import Request.
  Time since last request: 9.020597 seconds.
  path: Assets/Alstrainfinite/KitchenAppliances/Prefabs/(Old) Version1.0/AirFryer.prefab
  artifactKey: Guid(faf6c871a8458c24aa1a02ea4cf4d8b3) Importer(815301076,1909f56bfc062723c751e8b465ee728b)
Start importing Assets/Alstrainfinite/KitchenAppliances/Prefabs/(Old) Version1.0/AirFryer.prefab using Guid(faf6c871a8458c24aa1a02ea4cf4d8b3) Importer(815301076,1909f56bfc062723c751e8b465ee728b)  -> (artifact id: 'cd5545a5dd07dd6f611be7a0ff08b80b') in 0.070772 seconds
Number of updated asset objects reloaded before import = 0
Number of asset objects unloaded after import = 10
========================================================================
Received Import Request.
  Time since last request: 0.000027 seconds.
  path: Assets/Brick Project Studio/Fast Food Restaurant Kit/_Prefabs/Props/Food/Big Nuggets_01_Empty.prefab
  artifactKey: Guid(385bf342703bbee4c8f32c938156e8d4) Importer(815301076,1909f56bfc062723c751e8b465ee728b)
Start importing Assets/Brick Project Studio/Fast Food Restaurant Kit/_Prefabs/Props/Food/Big Nuggets_01_Empty.prefab using Guid(385bf342703bbee4c8f32c938156e8d4) Importer(815301076,1909f56bfc062723c751e8b465ee728b)  -> (artifact id: '617173647f53c58bd486d3b51a0d64fd') in 0.036312 seconds
Number of updated asset objects reloaded before import = 0
Number of asset objects unloaded after import = 17
========================================================================
Received Import Request.
  Time since last request: 0.000016 seconds.
  path: Assets/Brick Project Studio/_BPS Basic Assets/_Prefabs/Fire/Candle Flame.prefab
  artifactKey: Guid(76ba1ca0f3bd5de408854a87c409fe9c) Importer(815301076,1909f56bfc062723c751e8b465ee728b)
Start importing Assets/Brick Project Studio/_BPS Basic Assets/_Prefabs/Fire/Candle Flame.prefab using Guid(76ba1ca0f3bd5de408854a87c409fe9c) Importer(815301076,1909f56bfc062723c751e8b465ee728b)  -> (artifact id: 'f404efed33f4e43f338f8defe7b5123d') in 0.060869 seconds
Number of updated asset objects reloaded before import = 0
Number of asset objects unloaded after import = 26
========================================================================
Received Import Request.
  Time since last request: 0.000022 seconds.
  path: Assets/Food Pack-Demo/Prefabs with colliders/Coffee Cup C.prefab
  artifactKey: Guid(2374e3720a7b10b499a08f020177e37c) Importer(815301076,1909f56bfc062723c751e8b465ee728b)
Start importing Assets/Food Pack-Demo/Prefabs with colliders/Coffee Cup C.prefab using Guid(2374e3720a7b10b499a08f020177e37c) Importer(815301076,1909f56bfc062723c751e8b465ee728b)  -> (artifact id: '23f32ee4c7f60b446ee4b2b65928fd34') in 0.021410 seconds
Number of updated asset objects reloaded before import = 0
Number of asset objects unloaded after import = 12
========================================================================
Received Import Request.
  Time since last request: 0.000034 seconds.
  path: Assets/Brick Project Studio/_BPS Basic Assets/_Prefabs/Legacy/Base Scene.prefab
  artifactKey: Guid(6b5e9772e973b514993c495d4471494c) Importer(815301076,1909f56bfc062723c751e8b465ee728b)
Start importing Assets/Brick Project Studio/_BPS Basic Assets/_Prefabs/Legacy/Base Scene.prefab using Guid(6b5e9772e973b514993c495d4471494c) Importer(815301076,1909f56bfc062723c751e8b465ee728b)  -> (artifact id: '1bf350a94160ca569dcca15c37b154b7') in 0.377659 seconds
Number of updated asset objects reloaded before import = 0
Number of asset objects unloaded after import = 49
========================================================================
Received Import Request.
  Time since last request: 0.000028 seconds.
  path: Assets/Food Pack-Demo/Prefabs with colliders/Chopsticks holder.prefab
  artifactKey: Guid(b7a702b59bf4c1241ba9d99965d58e59) Importer(815301076,1909f56bfc062723c751e8b465ee728b)
Start importing Assets/Food Pack-Demo/Prefabs with colliders/Chopsticks holder.prefab using Guid(b7a702b59bf4c1241ba9d99965d58e59) Importer(815301076,1909f56bfc062723c751e8b465ee728b)  -> (artifact id: '58f962df3b369397e2de8bdd0a9f0cbe') in 0.014666 seconds
Number of updated asset objects reloaded before import = 0
Number of asset objects unloaded after import = 12
========================================================================
Received Import Request.
  Time since last request: 0.000024 seconds.
  path: Assets/Brick Project Studio/_BPS Basic Assets/_Prefabs/Legacy/Buliding FloorPlane.prefab
  artifactKey: Guid(fc813e1d3f19bfc449ee6e7a5d8e579a) Importer(815301076,1909f56bfc062723c751e8b465ee728b)
Start importing Assets/Brick Project Studio/_BPS Basic Assets/_Prefabs/Legacy/Buliding FloorPlane.prefab using Guid(fc813e1d3f19bfc449ee6e7a5d8e579a) Importer(815301076,1909f56bfc062723c751e8b465ee728b)  -> (artifact id: '915edfbc0167f5069a6438999faf8b78') in 0.151001 seconds
Number of updated asset objects reloaded before import = 0
Number of asset objects unloaded after import = 10
========================================================================
Received Import Request.
  Time since last request: 0.823813 seconds.
  path: Assets/Food Pack-Demo/Prefabs with colliders/Cookies.prefab
  artifactKey: Guid(db66b66f761249347b45ef948710e295) Importer(815301076,1909f56bfc062723c751e8b465ee728b)
Start importing Assets/Food Pack-Demo/Prefabs with colliders/Cookies.prefab using Guid(db66b66f761249347b45ef948710e295) Importer(815301076,1909f56bfc062723c751e8b465ee728b)  -> (artifact id: 'db6960a067587ac5ff46d7f548053570') in 0.025677 seconds
Number of updated asset objects reloaded before import = 0
Number of asset objects unloaded after import = 12
========================================================================
Received Import Request.
  Time since last request: 0.000016 seconds.
  path: Assets/Food Pack-Demo/Prefabs with colliders/Doughnut D.prefab
  artifactKey: Guid(541d9093cad6d0945b37231b698e1f96) Importer(815301076,1909f56bfc062723c751e8b465ee728b)
Start importing Assets/Food Pack-Demo/Prefabs with colliders/Doughnut D.prefab using Guid(541d9093cad6d0945b37231b698e1f96) Importer(815301076,1909f56bfc062723c751e8b465ee728b)  -> (artifact id: 'dbb3a3e549ba0280bfef47f03448353e') in 0.053384 seconds
Number of updated asset objects reloaded before import = 0
Number of asset objects unloaded after import = 12
========================================================================
Received Import Request.
  Time since last request: 0.000020 seconds.
  path: Assets/Brick Project Studio/_BPS Basic Assets/_Prefabs/Basic Asset/BA Build Kit/Exterior/Ext_BA_01_Pillar_3x3.prefab
  artifactKey: Guid(933e1ae6be3df0a4495b29a809e3b3ae) Importer(815301076,1909f56bfc062723c751e8b465ee728b)
Start importing Assets/Brick Project Studio/_BPS Basic Assets/_Prefabs/Basic Asset/BA Build Kit/Exterior/Ext_BA_01_Pillar_3x3.prefab using Guid(933e1ae6be3df0a4495b29a809e3b3ae) Importer(815301076,1909f56bfc062723c751e8b465ee728b)  -> (artifact id: '21e22f5b7122583fe10eaa953daa3d3f') in 0.063886 seconds
Number of updated asset objects reloaded before import = 0
Number of asset objects unloaded after import = 10
========================================================================
Received Import Request.
  Time since last request: 4.171066 seconds.
  path: Assets/Brick Project Studio/_BPS Basic Assets/_Prefabs/Basic Asset/BA Build Kit/Exterior/Ext_BA_01_Pillar_4x4.prefab
  artifactKey: Guid(94c14dfc6c607a44486aa4e3dbc3f125) Importer(815301076,1909f56bfc062723c751e8b465ee728b)
Start importing Assets/Brick Project Studio/_BPS Basic Assets/_Prefabs/Basic Asset/BA Build Kit/Exterior/Ext_BA_01_Pillar_4x4.prefab using Guid(94c14dfc6c607a44486aa4e3dbc3f125) Importer(815301076,1909f56bfc062723c751e8b465ee728b)  -> (artifact id: '08d5144a0df63809a5ad4308bf45f459') in 0.046451 seconds
Number of updated asset objects reloaded before import = 0
Number of asset objects unloaded after import = 10
========================================================================
Received Import Request.
  Time since last request: 0.000018 seconds.
  path: Assets/Brick Project Studio/_BPS Basic Assets/_Prefabs/Basic Asset/BA Build Kit/Exterior/Ext_BA_Roof_01.prefab
  artifactKey: Guid(75c16d4794f25e84ea8d82ee45dd1937) Importer(815301076,1909f56bfc062723c751e8b465ee728b)
Start importing Assets/Brick Project Studio/_BPS Basic Assets/_Prefabs/Basic Asset/BA Build Kit/Exterior/Ext_BA_Roof_01.prefab using Guid(75c16d4794f25e84ea8d82ee45dd1937) Importer(815301076,1909f56bfc062723c751e8b465ee728b)  -> (artifact id: '4dd1d58bdc7dde8b3eee8d5227c17b34') in 0.035439 seconds
Number of updated asset objects reloaded before import = 0
Number of asset objects unloaded after import = 10
========================================================================
Received Import Request.
  Time since last request: 0.000029 seconds.
  path: Assets/Brick Project Studio/Fast Food Restaurant Kit/_Prefabs/Fast Food Build Kit/Int_Ext/ExtInt_FFK_Entrance_02_01.prefab
  artifactKey: Guid(89ff244a58c1b4e40b2905013ad3b107) Importer(815301076,1909f56bfc062723c751e8b465ee728b)
Start importing Assets/Brick Project Studio/Fast Food Restaurant Kit/_Prefabs/Fast Food Build Kit/Int_Ext/ExtInt_FFK_Entrance_02_01.prefab using Guid(89ff244a58c1b4e40b2905013ad3b107) Importer(815301076,1909f56bfc062723c751e8b465ee728b)  -> (artifact id: '1b9bbda3cd9bc322d9dee8d9fb4fbc2f') in 0.383342 seconds
Number of updated asset objects reloaded before import = 0
Number of asset objects unloaded after import = 51
========================================================================
Received Import Request.
  Time since last request: 0.000018 seconds.
  path: Assets/Brick Project Studio/Fast Food Restaurant Kit/_Prefabs/Fast Food Build Kit/Int_Ext/ExtInt_FFK_Wall_03_01.prefab
  artifactKey: Guid(57e11b61f7f21a44ab797b7d95ea1b37) Importer(815301076,1909f56bfc062723c751e8b465ee728b)
Start importing Assets/Brick Project Studio/Fast Food Restaurant Kit/_Prefabs/Fast Food Build Kit/Int_Ext/ExtInt_FFK_Wall_03_01.prefab using Guid(57e11b61f7f21a44ab797b7d95ea1b37) Importer(815301076,1909f56bfc062723c751e8b465ee728b)  -> (artifact id: '270a774e772c06d80e7f7cf2726646d2') in 0.020152 seconds
Number of updated asset objects reloaded before import = 0
Number of asset objects unloaded after import = 25
========================================================================
Received Import Request.
  Time since last request: 0.000030 seconds.
  path: Assets/Brick Project Studio/_BPS Basic Assets/_Prefabs/Basic Asset/BA Build Kit/Exterior/Ext_BA_Roof_02.prefab
  artifactKey: Guid(dd6658866c1c65a4aa4a6c6e8e34e4f5) Importer(815301076,1909f56bfc062723c751e8b465ee728b)
Start importing Assets/Brick Project Studio/_BPS Basic Assets/_Prefabs/Basic Asset/BA Build Kit/Exterior/Ext_BA_Roof_02.prefab using Guid(dd6658866c1c65a4aa4a6c6e8e34e4f5) Importer(815301076,1909f56bfc062723c751e8b465ee728b)  -> (artifact id: '4aca47b570630bd407d345373da5b989') in 0.025685 seconds
Number of updated asset objects reloaded before import = 0
Number of asset objects unloaded after import = 10
========================================================================
Received Import Request.
  Time since last request: 0.034376 seconds.
  path: Assets/Alstrainfinite/KitchenAppliances/Prefabs/(Old) Version1.0/Fan.prefab
  artifactKey: Guid(3b82bc407b968c4419abdc3183c6e1a4) Importer(815301076,1909f56bfc062723c751e8b465ee728b)
Start importing Assets/Alstrainfinite/KitchenAppliances/Prefabs/(Old) Version1.0/Fan.prefab using Guid(3b82bc407b968c4419abdc3183c6e1a4) Importer(815301076,1909f56bfc062723c751e8b465ee728b)  -> (artifact id: 'e346f208b1f6e313828284763544c050') in 0.016778 seconds
Number of updated asset objects reloaded before import = 0
Number of asset objects unloaded after import = 15
========================================================================
Received Import Request.
  Time since last request: 0.000017 seconds.
  path: Assets/Brick Project Studio/Fast Food Restaurant Kit/_Prefabs/Furniture/Seating/FFK_Bench_01_01.prefab
  artifactKey: Guid(e4d1bc9a36422774ab3dfb5fa1aa0185) Importer(815301076,1909f56bfc062723c751e8b465ee728b)
Start importing Assets/Brick Project Studio/Fast Food Restaurant Kit/_Prefabs/Furniture/Seating/FFK_Bench_01_01.prefab using Guid(e4d1bc9a36422774ab3dfb5fa1aa0185) Importer(815301076,1909f56bfc062723c751e8b465ee728b)  -> (artifact id: 'db96a6ff72d437b549a0f8d72ff839e2') in 0.038020 seconds
Number of updated asset objects reloaded before import = 0
Number of asset objects unloaded after import = 20
========================================================================
Received Import Request.
  Time since last request: 0.000022 seconds.
  path: Assets/Brick Project Studio/Fast Food Restaurant Kit/_Prefabs/Fast Food Build Kit/Counter Top/FFK_CounterTable_02_01.prefab
  artifactKey: Guid(e35de4e1ce0558e44936c86d4c4cb2a6) Importer(815301076,1909f56bfc062723c751e8b465ee728b)
Start importing Assets/Brick Project Studio/Fast Food Restaurant Kit/_Prefabs/Fast Food Build Kit/Counter Top/FFK_CounterTable_02_01.prefab using Guid(e35de4e1ce0558e44936c86d4c4cb2a6) Importer(815301076,1909f56bfc062723c751e8b465ee728b)  -> (artifact id: '8ca8706077c44c3bc0c09c04f3214454') in 0.032035 seconds
Number of updated asset objects reloaded before import = 0
Number of asset objects unloaded after import = 11
========================================================================
Received Import Request.
  Time since last request: 0.000020 seconds.
  path: Assets/Brick Project Studio/Fast Food Restaurant Kit/_Prefabs/Props/Misc/FF_Sign_01.prefab
  artifactKey: Guid(3e68a847cfcd1e643a2285edcf75f83c) Importer(815301076,1909f56bfc062723c751e8b465ee728b)
Start importing Assets/Brick Project Studio/Fast Food Restaurant Kit/_Prefabs/Props/Misc/FF_Sign_01.prefab using Guid(3e68a847cfcd1e643a2285edcf75f83c) Importer(815301076,1909f56bfc062723c751e8b465ee728b)  -> (artifact id: 'df8d3bd5405b46685a0556bf5fbef0f4') in 0.027722 seconds
Number of updated asset objects reloaded before import = 0
Number of asset objects unloaded after import = 9
========================================================================
Received Import Request.
  Time since last request: 0.000017 seconds.
  path: Assets/Brick Project Studio/Fast Food Restaurant Kit/_Prefabs/Furniture/Seating/FFK_Chair_02_01.prefab
  artifactKey: Guid(9b4c7175919cf984c8bfa6006681c124) Importer(815301076,1909f56bfc062723c751e8b465ee728b)
Start importing Assets/Brick Project Studio/Fast Food Restaurant Kit/_Prefabs/Furniture/Seating/FFK_Chair_02_01.prefab using Guid(9b4c7175919cf984c8bfa6006681c124) Importer(815301076,1909f56bfc062723c751e8b465ee728b)  -> (artifact id: '66a0ab9841ab4801fff4d5a83e7a8a10') in 0.016990 seconds
Number of updated asset objects reloaded before import = 0
Number of asset objects unloaded after import = 17
========================================================================
Received Import Request.
  Time since last request: 0.000024 seconds.
  path: Assets/Brick Project Studio/Fast Food Restaurant Kit/_Prefabs/Furniture/Seating/FFK_Chair_01_01.prefab
  artifactKey: Guid(bc65cd5b9c7ae234d8fc13b5b8eecd3c) Importer(815301076,1909f56bfc062723c751e8b465ee728b)
Start importing Assets/Brick Project Studio/Fast Food Restaurant Kit/_Prefabs/Furniture/Seating/FFK_Chair_01_01.prefab using Guid(bc65cd5b9c7ae234d8fc13b5b8eecd3c) Importer(815301076,1909f56bfc062723c751e8b465ee728b)  -> (artifact id: '19830782a44d4c6cf770e5d91ebf6834') in 0.026274 seconds
Number of updated asset objects reloaded before import = 0
Number of asset objects unloaded after import = 28
Editor requested this worker to shutdown with reason: Scaling down because of idle timeout
TcpMessagingSession - receive error: operation aborted. errorcode: 995, details: The I/O operation has been aborted because of either a thread exit or an application request.
AssetImportWorker is now disconnected from the server
Process exiting
Exiting without the bug reporter. Application will terminate with return code 0